10-Mar-2020 11:46:59.431 WARNING [main] org.apache.catalina.core.AprLifecycleListener.init The APR based Apache Tomcat Native library failed to load. The error reported was [E:\TSS\apache-tomcat-8.5.9-windows-x86\apache-tomcat-8.5.9\bin\tcnative-1.dll: Can't load IA 32-bit .dll on a AMD 64-bit platform]
 java.lang.UnsatisfiedLinkError: E:\TSS\apache-tomcat-8.5.9-windows-x86\apache-tomcat-8.5.9\bin\tcnative-1.dll: Can't load IA 32-bit .dll on a AMD 64-bit platform
	at java.lang.ClassLoader$NativeLibrary.load(Native Method)
	at java.lang.ClassLoader.loadLibrary0(ClassLoader.java:1941)
	at java.lang.ClassLoader.loadLibrary(ClassLoader.java:1857)
	at java.lang.Runtime.loadLibrary0(Runtime.java:870)
	at java.lang.System.loadLibrary(System.java:1122)
	at org.apache.tomcat.jni.Library.<init>(Library.java:42)
	at org.apache.tomcat.jni.Library.initialize(Library.java:178)
	at org.apache.catalina.core.AprLifecycleListener.init(AprLifecycleListener.java:198)
	at org.apache.catalina.core.AprLifecycleListener.isAprAvailable(AprLifecycleListener.java:107)
	at org.apache.catalina.connector.Connector.setProtocol(Connector.java:565)
	at org.apache.catalina.connector.Connector.<init>(Connector.java:70)
	at org.apache.catalina.startup.ConnectorCreateRule.begin(ConnectorCreateRule.java:64)
	at org.apache.tomcat.util.digester.Digester.startElement(Digester.java:1190)
	at com.sun.org.apache.xerces.internal.parsers.AbstractSAXParser.startElement(AbstractSAXParser.java:509)
	at com.sun.org.apache.xerces.internal.parsers.AbstractXMLDocumentParser.emptyElement(AbstractXMLDocumentParser.java:182)
	at com.sun.org.apache.xerces.internal.impl.XMLDocumentFragmentScannerImpl.scanStartElement(XMLDocumentFragmentScannerImpl.java:1344)
	at com.sun.org.apache.xerces.internal.impl.XMLDocumentFragmentScannerImpl$FragmentContentDriver.next(XMLDocumentFragmentScannerImpl.java:2787)
	at com.sun.org.apache.xerces.internal.impl.XMLDocumentScannerImpl.next(XMLDocumentScannerImpl.java:606)
	at com.sun.org.apache.xerces.internal.impl.XMLDocumentFragmentScannerImpl.scanDocument(XMLDocumentFragmentScannerImpl.java:510)
	at com.sun.org.apache.xerces.internal.parsers.XML11Configuration.parse(XML11Configuration.java:848)
	at com.sun.org.apache.xerces.internal.parsers.XML11Configuration.parse(XML11Configuration.java:777)
	at com.sun.org.apache.xerces.internal.parsers.XMLParser.parse(XMLParser.java:141)
	at com.sun.org.apache.xerces.internal.parsers.AbstractSAXParser.parse(AbstractSAXParser.java:1213)
	at com.sun.org.apache.xerces.internal.jaxp.SAXParserImpl$JAXPSAXParser.parse(SAXParserImpl.java:643)
	at org.apache.tomcat.util.digester.Digester.parse(Digester.java:1458)
	at org.apache.catalina.startup.Catalina.load(Catalina.java:578)
	at org.apache.catalina.startup.Catalina.load(Catalina.java:629)
	at sun.reflect.NativeMethodAccessorImpl.invoke0(Native Method)
	at sun.reflect.NativeMethodAccessorImpl.invoke(NativeMethodAccessorImpl.java:62)
	at sun.reflect.DelegatingMethodAccessorImpl.invoke(DelegatingMethodAccessorImpl.java:43)
	at java.lang.reflect.Method.invoke(Method.java:498)
	at org.apache.catalina.startup.Bootstrap.load(Bootstrap.java:311)
	at org.apache.catalina.startup.Bootstrap.main(Bootstrap.java:494)

10-Mar-2020 11:46:59.556 INFO [main] org.apache.catalina.startup.VersionLoggerListener.log Server version:        Apache Tomcat/8.5.9
10-Mar-2020 11:46:59.556 INFO [main] org.apache.catalina.startup.VersionLoggerListener.log Server built:          Dec 5 2016 20:18:12 UTC
10-Mar-2020 11:46:59.557 INFO [main] org.apache.catalina.startup.VersionLoggerListener.log Server number:         8.5.9.0
10-Mar-2020 11:46:59.557 INFO [main] org.apache.catalina.startup.VersionLoggerListener.log OS Name:               Windows 10
10-Mar-2020 11:46:59.557 INFO [main] org.apache.catalina.startup.VersionLoggerListener.log OS Version:            10.0
10-Mar-2020 11:46:59.557 INFO [main] org.apache.catalina.startup.VersionLoggerListener.log Architecture:          amd64
10-Mar-2020 11:46:59.557 INFO [main] org.apache.catalina.startup.VersionLoggerListener.log Java Home:             C:\Program Files\Java\jdk1.8.0_91\jre
10-Mar-2020 11:46:59.557 INFO [main] org.apache.catalina.startup.VersionLoggerListener.log JVM Version:           1.8.0_91-b14
10-Mar-2020 11:46:59.557 INFO [main] org.apache.catalina.startup.VersionLoggerListener.log JVM Vendor:            Oracle Corporation
10-Mar-2020 11:46:59.557 INFO [main] org.apache.catalina.startup.VersionLoggerListener.log CATALINA_BASE:         E:\TSS\apache-tomcat-8.5.9-windows-x86\apache-tomcat-8.5.9
10-Mar-2020 11:46:59.557 INFO [main] org.apache.catalina.startup.VersionLoggerListener.log CATALINA_HOME:         E:\TSS\apache-tomcat-8.5.9-windows-x86\apache-tomcat-8.5.9
10-Mar-2020 11:46:59.563 INFO [main] org.apache.catalina.startup.VersionLoggerListener.log Command line argument: -Djava.util.logging.config.file=E:\TSS\apache-tomcat-8.5.9-windows-x86\apache-tomcat-8.5.9\conf\logging.properties
10-Mar-2020 11:46:59.563 INFO [main] org.apache.catalina.startup.VersionLoggerListener.log Command line argument: -Djava.util.logging.manager=org.apache.juli.ClassLoaderLogManager
10-Mar-2020 11:46:59.563 INFO [main] org.apache.catalina.startup.VersionLoggerListener.log Command line argument: -Djdk.tls.ephemeralDHKeySize=2048
10-Mar-2020 11:46:59.563 INFO [main] org.apache.catalina.startup.VersionLoggerListener.log Command line argument: -Djava.protocol.handler.pkgs=org.apache.catalina.webresources
10-Mar-2020 11:46:59.564 INFO [main] org.apache.catalina.startup.VersionLoggerListener.log Command line argument: -Dcatalina.base=E:\TSS\apache-tomcat-8.5.9-windows-x86\apache-tomcat-8.5.9
10-Mar-2020 11:46:59.564 INFO [main] org.apache.catalina.startup.VersionLoggerListener.log Command line argument: -Dcatalina.home=E:\TSS\apache-tomcat-8.5.9-windows-x86\apache-tomcat-8.5.9
10-Mar-2020 11:46:59.564 INFO [main] org.apache.catalina.startup.VersionLoggerListener.log Command line argument: -Djava.io.tmpdir=E:\TSS\apache-tomcat-8.5.9-windows-x86\apache-tomcat-8.5.9\temp
10-Mar-2020 11:46:59.719 INFO [main] org.apache.coyote.AbstractProtocol.init Initializing ProtocolHandler ["http-nio-8080"]
10-Mar-2020 11:46:59.799 INFO [main] org.apache.tomcat.util.net.NioSelectorPool.getSharedSelector Using a shared selector for servlet write/read
10-Mar-2020 11:46:59.801 INFO [main] org.apache.coyote.AbstractProtocol.init Initializing ProtocolHandler ["ajp-nio-8009"]
10-Mar-2020 11:46:59.804 INFO [main] org.apache.tomcat.util.net.NioSelectorPool.getSharedSelector Using a shared selector for servlet write/read
10-Mar-2020 11:46:59.805 INFO [main] org.apache.catalina.startup.Catalina.load Initialization processed in 623 ms
10-Mar-2020 11:46:59.844 INFO [main] org.apache.catalina.core.StandardService.startInternal Starting service Catalina
10-Mar-2020 11:46:59.844 INFO [main] org.apache.catalina.core.StandardEngine.startInternal Starting Servlet Engine: Apache Tomcat/8.5.9
10-Mar-2020 11:46:59.872 INFO [localhost-startStop-1] org.apache.catalina.startup.HostConfig.deployWAR Deploying web application archive E:\TSS\apache-tomcat-8.5.9-windows-x86\apache-tomcat-8.5.9\webapps\WebApplicationServlet.war
10-Mar-2020 11:46:59.887 WARNING [localhost-startStop-1] org.apache.catalina.startup.SetContextPropertiesRule.begin [SetContextPropertiesRule]{Context} Setting property 'antiJARLocking' to 'true' did not find a matching property.
10-Mar-2020 11:47:00.135 INFO [localhost-startStop-1] org.apache.tomcat.dbcp.dbcp2.BasicDataSourceFactory.getObjectInstance Name = bazaTestowa Ignoring unknown property: value of "DB Connection" for "description" property
10-Mar-2020 11:47:00.400 INFO [localhost-startStop-1] org.apache.catalina.util.SessionIdGeneratorBase.createSecureRandom Creation of SecureRandom instance for session ID generation using [SHA1PRNG] took [208] milliseconds.
10-Mar-2020 11:47:00.431 INFO [localhost-startStop-1] org.apache.catalina.startup.HostConfig.deployWAR Deployment of web application archive E:\TSS\apache-tomcat-8.5.9-windows-x86\apache-tomcat-8.5.9\webapps\WebApplicationServlet.war has finished in 559 ms
10-Mar-2020 11:47:00.431 INFO [localhost-startStop-1] org.apache.catalina.startup.HostConfig.deployDirectory Deploying web application directory E:\TSS\apache-tomcat-8.5.9-windows-x86\apache-tomcat-8.5.9\webapps\docs
10-Mar-2020 11:47:00.460 INFO [localhost-startStop-1] org.apache.catalina.startup.HostConfig.deployDirectory Deployment of web application directory E:\TSS\apache-tomcat-8.5.9-windows-x86\apache-tomcat-8.5.9\webapps\docs has finished in 29 ms
10-Mar-2020 11:47:00.460 INFO [localhost-startStop-1] org.apache.catalina.startup.HostConfig.deployDirectory Deploying web application directory E:\TSS\apache-tomcat-8.5.9-windows-x86\apache-tomcat-8.5.9\webapps\examples
10-Mar-2020 11:47:00.961 INFO [localhost-startStop-1] org.apache.catalina.startup.HostConfig.deployDirectory Deployment of web application directory E:\TSS\apache-tomcat-8.5.9-windows-x86\apache-tomcat-8.5.9\webapps\examples has finished in 501 ms
10-Mar-2020 11:47:00.961 INFO [localhost-startStop-1] org.apache.catalina.startup.HostConfig.deployDirectory Deploying web application directory E:\TSS\apache-tomcat-8.5.9-windows-x86\apache-tomcat-8.5.9\webapps\host-manager
10-Mar-2020 11:47:00.995 INFO [localhost-startStop-1] org.apache.catalina.startup.HostConfig.deployDirectory Deployment of web application directory E:\TSS\apache-tomcat-8.5.9-windows-x86\apache-tomcat-8.5.9\webapps\host-manager has finished in 34 ms
10-Mar-2020 11:47:00.995 INFO [localhost-startStop-1] org.apache.catalina.startup.HostConfig.deployDirectory Deploying web application directory E:\TSS\apache-tomcat-8.5.9-windows-x86\apache-tomcat-8.5.9\webapps\manager
10-Mar-2020 11:47:01.036 INFO [localhost-startStop-1] org.apache.catalina.startup.HostConfig.deployDirectory Deployment of web application directory E:\TSS\apache-tomcat-8.5.9-windows-x86\apache-tomcat-8.5.9\webapps\manager has finished in 40 ms
10-Mar-2020 11:47:01.036 INFO [localhost-startStop-1] org.apache.catalina.startup.HostConfig.deployDirectory Deploying web application directory E:\TSS\apache-tomcat-8.5.9-windows-x86\apache-tomcat-8.5.9\webapps\ROOT
10-Mar-2020 11:47:01.063 INFO [localhost-startStop-1] org.apache.catalina.startup.HostConfig.deployDirectory Deployment of web application directory E:\TSS\apache-tomcat-8.5.9-windows-x86\apache-tomcat-8.5.9\webapps\ROOT has finished in 27 ms
10-Mar-2020 11:47:01.066 INFO [main] org.apache.coyote.AbstractProtocol.start Starting ProtocolHandler [http-nio-8080]
10-Mar-2020 11:47:01.076 INFO [main] org.apache.coyote.AbstractProtocol.start Starting ProtocolHandler [ajp-nio-8009]
10-Mar-2020 11:47:01.080 INFO [main] org.apache.catalina.startup.Catalina.start Server startup in 1275 ms
10-Mar-2020 11:47:02.185 INFO [http-nio-8080-exec-6] org.apache.catalina.startup.HostConfig.undeploy Undeploying context [/WebApplicationServlet]
10-Mar-2020 11:47:02.215 INFO [http-nio-8080-exec-8] org.apache.catalina.startup.HostConfig.deployDescriptor Deploying configuration descriptor E:\TSS\apache-tomcat-8.5.9-windows-x86\apache-tomcat-8.5.9\conf\Catalina\localhost\WebApplicationServlet.xml
10-Mar-2020 11:47:02.220 WARNING [http-nio-8080-exec-8] org.apache.catalina.startup.SetContextPropertiesRule.begin [SetContextPropertiesRule]{Context} Setting property 'antiJARLocking' to 'true' did not find a matching property.
10-Mar-2020 11:47:02.280 INFO [http-nio-8080-exec-8] org.apache.catalina.startup.HostConfig.deployDescriptor Deployment of configuration descriptor E:\TSS\apache-tomcat-8.5.9-windows-x86\apache-tomcat-8.5.9\conf\Catalina\localhost\WebApplicationServlet.xml has finished in 64 ms
10-Mar-2020 11:47:02.286 INFO [http-nio-8080-exec-9] org.apache.catalina.util.LifecycleBase.start The start() method was called on component [StandardEngine[Catalina].StandardHost[localhost].StandardContext[/WebApplicationServlet]] after start() had already been called. The second call will be ignored.
10-Mar-2020 11:54:49.486 INFO [main] org.apache.catalina.core.StandardServer.await A valid shutdown command was received via the shutdown port. Stopping the Server instance.
10-Mar-2020 11:54:49.487 INFO [main] org.apache.coyote.AbstractProtocol.pause Pausing ProtocolHandler ["http-nio-8080"]
10-Mar-2020 11:54:49.680 INFO [main] org.apache.coyote.AbstractProtocol.pause Pausing ProtocolHandler ["ajp-nio-8009"]
10-Mar-2020 11:54:49.866 INFO [main] org.apache.catalina.core.StandardService.stopInternal Stopping service Catalina
10-Mar-2020 11:54:49.883 INFO [main] org.apache.coyote.AbstractProtocol.stop Stopping ProtocolHandler ["http-nio-8080"]
10-Mar-2020 11:54:49.886 INFO [main] org.apache.coyote.AbstractProtocol.stop Stopping ProtocolHandler ["ajp-nio-8009"]
10-Mar-2020 11:54:49.888 INFO [main] org.apache.coyote.AbstractProtocol.destroy Destroying ProtocolHandler ["http-nio-8080"]
10-Mar-2020 11:54:49.889 INFO [main] org.apache.coyote.AbstractProtocol.destroy Destroying ProtocolHandler ["ajp-nio-8009"]
10-Mar-2020 11:54:52.805 WARNING [main] org.apache.catalina.core.AprLifecycleListener.init The APR based Apache Tomcat Native library failed to load. The error reported was [E:\TSS\apache-tomcat-8.5.9-windows-x86\apache-tomcat-8.5.9\bin\tcnative-1.dll: Can't load IA 32-bit .dll on a AMD 64-bit platform]
 java.lang.UnsatisfiedLinkError: E:\TSS\apache-tomcat-8.5.9-windows-x86\apache-tomcat-8.5.9\bin\tcnative-1.dll: Can't load IA 32-bit .dll on a AMD 64-bit platform
	at java.lang.ClassLoader$NativeLibrary.load(Native Method)
	at java.lang.ClassLoader.loadLibrary0(ClassLoader.java:1941)
	at java.lang.ClassLoader.loadLibrary(ClassLoader.java:1857)
	at java.lang.Runtime.loadLibrary0(Runtime.java:870)
	at java.lang.System.loadLibrary(System.java:1122)
	at org.apache.tomcat.jni.Library.<init>(Library.java:42)
	at org.apache.tomcat.jni.Library.initialize(Library.java:178)
	at org.apache.catalina.core.AprLifecycleListener.init(AprLifecycleListener.java:198)
	at org.apache.catalina.core.AprLifecycleListener.isAprAvailable(AprLifecycleListener.java:107)
	at org.apache.catalina.connector.Connector.setProtocol(Connector.java:565)
	at org.apache.catalina.connector.Connector.<init>(Connector.java:70)
	at org.apache.catalina.startup.ConnectorCreateRule.begin(ConnectorCreateRule.java:64)
	at org.apache.tomcat.util.digester.Digester.startElement(Digester.java:1190)
	at com.sun.org.apache.xerces.internal.parsers.AbstractSAXParser.startElement(AbstractSAXParser.java:509)
	at com.sun.org.apache.xerces.internal.parsers.AbstractXMLDocumentParser.emptyElement(AbstractXMLDocumentParser.java:182)
	at com.sun.org.apache.xerces.internal.impl.XMLDocumentFragmentScannerImpl.scanStartElement(XMLDocumentFragmentScannerImpl.java:1344)
	at com.sun.org.apache.xerces.internal.impl.XMLDocumentFragmentScannerImpl$FragmentContentDriver.next(XMLDocumentFragmentScannerImpl.java:2787)
	at com.sun.org.apache.xerces.internal.impl.XMLDocumentScannerImpl.next(XMLDocumentScannerImpl.java:606)
	at com.sun.org.apache.xerces.internal.impl.XMLDocumentFragmentScannerImpl.scanDocument(XMLDocumentFragmentScannerImpl.java:510)
	at com.sun.org.apache.xerces.internal.parsers.XML11Configuration.parse(XML11Configuration.java:848)
	at com.sun.org.apache.xerces.internal.parsers.XML11Configuration.parse(XML11Configuration.java:777)
	at com.sun.org.apache.xerces.internal.parsers.XMLParser.parse(XMLParser.java:141)
	at com.sun.org.apache.xerces.internal.parsers.AbstractSAXParser.parse(AbstractSAXParser.java:1213)
	at com.sun.org.apache.xerces.internal.jaxp.SAXParserImpl$JAXPSAXParser.parse(SAXParserImpl.java:643)
	at org.apache.tomcat.util.digester.Digester.parse(Digester.java:1458)
	at org.apache.catalina.startup.Catalina.load(Catalina.java:578)
	at org.apache.catalina.startup.Catalina.load(Catalina.java:629)
	at sun.reflect.NativeMethodAccessorImpl.invoke0(Native Method)
	at sun.reflect.NativeMethodAccessorImpl.invoke(NativeMethodAccessorImpl.java:62)
	at sun.reflect.DelegatingMethodAccessorImpl.invoke(DelegatingMethodAccessorImpl.java:43)
	at java.lang.reflect.Method.invoke(Method.java:498)
	at org.apache.catalina.startup.Bootstrap.load(Bootstrap.java:311)
	at org.apache.catalina.startup.Bootstrap.main(Bootstrap.java:494)

10-Mar-2020 11:54:52.909 INFO [main] org.apache.catalina.startup.VersionLoggerListener.log Server version:        Apache Tomcat/8.5.9
10-Mar-2020 11:54:52.909 INFO [main] org.apache.catalina.startup.VersionLoggerListener.log Server built:          Dec 5 2016 20:18:12 UTC
10-Mar-2020 11:54:52.909 INFO [main] org.apache.catalina.startup.VersionLoggerListener.log Server number:         8.5.9.0
10-Mar-2020 11:54:52.909 INFO [main] org.apache.catalina.startup.VersionLoggerListener.log OS Name:               Windows 10
10-Mar-2020 11:54:52.909 INFO [main] org.apache.catalina.startup.VersionLoggerListener.log OS Version:            10.0
10-Mar-2020 11:54:52.910 INFO [main] org.apache.catalina.startup.VersionLoggerListener.log Architecture:          amd64
10-Mar-2020 11:54:52.910 INFO [main] org.apache.catalina.startup.VersionLoggerListener.log Java Home:             C:\Program Files\Java\jdk1.8.0_91\jre
10-Mar-2020 11:54:52.910 INFO [main] org.apache.catalina.startup.VersionLoggerListener.log JVM Version:           1.8.0_91-b14
10-Mar-2020 11:54:52.910 INFO [main] org.apache.catalina.startup.VersionLoggerListener.log JVM Vendor:            Oracle Corporation
10-Mar-2020 11:54:52.910 INFO [main] org.apache.catalina.startup.VersionLoggerListener.log CATALINA_BASE:         E:\TSS\apache-tomcat-8.5.9-windows-x86\apache-tomcat-8.5.9
10-Mar-2020 11:54:52.910 INFO [main] org.apache.catalina.startup.VersionLoggerListener.log CATALINA_HOME:         E:\TSS\apache-tomcat-8.5.9-windows-x86\apache-tomcat-8.5.9
10-Mar-2020 11:54:52.910 INFO [main] org.apache.catalina.startup.VersionLoggerListener.log Command line argument: -Djava.util.logging.config.file=E:\TSS\apache-tomcat-8.5.9-windows-x86\apache-tomcat-8.5.9\conf\logging.properties
10-Mar-2020 11:54:52.910 INFO [main] org.apache.catalina.startup.VersionLoggerListener.log Command line argument: -Djava.util.logging.manager=org.apache.juli.ClassLoaderLogManager
10-Mar-2020 11:54:52.910 INFO [main] org.apache.catalina.startup.VersionLoggerListener.log Command line argument: -Djdk.tls.ephemeralDHKeySize=2048
10-Mar-2020 11:54:52.911 INFO [main] org.apache.catalina.startup.VersionLoggerListener.log Command line argument: -Djava.protocol.handler.pkgs=org.apache.catalina.webresources
10-Mar-2020 11:54:52.911 INFO [main] org.apache.catalina.startup.VersionLoggerListener.log Command line argument: -agentlib:jdwp=transport=dt_shmem,address=tomcat_shared_memory_id,server=y,suspend=n
10-Mar-2020 11:54:52.911 INFO [main] org.apache.catalina.startup.VersionLoggerListener.log Command line argument: -Dcatalina.base=E:\TSS\apache-tomcat-8.5.9-windows-x86\apache-tomcat-8.5.9
10-Mar-2020 11:54:52.911 INFO [main] org.apache.catalina.startup.VersionLoggerListener.log Command line argument: -Dcatalina.home=E:\TSS\apache-tomcat-8.5.9-windows-x86\apache-tomcat-8.5.9
10-Mar-2020 11:54:52.911 INFO [main] org.apache.catalina.startup.VersionLoggerListener.log Command line argument: -Djava.io.tmpdir=E:\TSS\apache-tomcat-8.5.9-windows-x86\apache-tomcat-8.5.9\temp
10-Mar-2020 11:54:53.034 INFO [main] org.apache.coyote.AbstractProtocol.init Initializing ProtocolHandler ["http-nio-8080"]
10-Mar-2020 11:54:53.093 INFO [main] org.apache.tomcat.util.net.NioSelectorPool.getSharedSelector Using a shared selector for servlet write/read
10-Mar-2020 11:54:53.096 INFO [main] org.apache.coyote.AbstractProtocol.init Initializing ProtocolHandler ["ajp-nio-8009"]
10-Mar-2020 11:54:53.098 INFO [main] org.apache.tomcat.util.net.NioSelectorPool.getSharedSelector Using a shared selector for servlet write/read
10-Mar-2020 11:54:53.099 INFO [main] org.apache.catalina.startup.Catalina.load Initialization processed in 540 ms
10-Mar-2020 11:54:53.127 INFO [main] org.apache.catalina.core.StandardService.startInternal Starting service Catalina
10-Mar-2020 11:54:53.128 INFO [main] org.apache.catalina.core.StandardEngine.startInternal Starting Servlet Engine: Apache Tomcat/8.5.9
10-Mar-2020 11:54:53.140 INFO [localhost-startStop-1] org.apache.catalina.startup.HostConfig.deployDescriptor Deploying configuration descriptor E:\TSS\apache-tomcat-8.5.9-windows-x86\apache-tomcat-8.5.9\conf\Catalina\localhost\WebApplicationServlet.xml
10-Mar-2020 11:54:53.176 WARNING [localhost-startStop-1] org.apache.catalina.startup.SetContextPropertiesRule.begin [SetContextPropertiesRule]{Context} Setting property 'antiJARLocking' to 'true' did not find a matching property.
10-Mar-2020 11:54:53.402 INFO [localhost-startStop-1] org.apache.tomcat.dbcp.dbcp2.BasicDataSourceFactory.getObjectInstance Name = bazaTestowa Ignoring unknown property: value of "DB Connection" for "description" property
10-Mar-2020 11:54:53.610 INFO [localhost-startStop-1] org.apache.catalina.util.SessionIdGeneratorBase.createSecureRandom Creation of SecureRandom instance for session ID generation using [SHA1PRNG] took [157] milliseconds.
10-Mar-2020 11:54:53.636 INFO [localhost-startStop-1] org.apache.catalina.startup.HostConfig.deployDescriptor Deployment of configuration descriptor E:\TSS\apache-tomcat-8.5.9-windows-x86\apache-tomcat-8.5.9\conf\Catalina\localhost\WebApplicationServlet.xml has finished in 496 ms
10-Mar-2020 11:54:53.637 INFO [localhost-startStop-1] org.apache.catalina.startup.HostConfig.deployDirectory Deploying web application directory E:\TSS\apache-tomcat-8.5.9-windows-x86\apache-tomcat-8.5.9\webapps\docs
10-Mar-2020 11:54:53.658 INFO [localhost-startStop-1] org.apache.catalina.startup.HostConfig.deployDirectory Deployment of web application directory E:\TSS\apache-tomcat-8.5.9-windows-x86\apache-tomcat-8.5.9\webapps\docs has finished in 21 ms
10-Mar-2020 11:54:53.658 INFO [localhost-startStop-1] org.apache.catalina.startup.HostConfig.deployDirectory Deploying web application directory E:\TSS\apache-tomcat-8.5.9-windows-x86\apache-tomcat-8.5.9\webapps\examples
10-Mar-2020 11:54:54.015 INFO [localhost-startStop-1] org.apache.catalina.startup.HostConfig.deployDirectory Deployment of web application directory E:\TSS\apache-tomcat-8.5.9-windows-x86\apache-tomcat-8.5.9\webapps\examples has finished in 357 ms
10-Mar-2020 11:54:54.015 INFO [localhost-startStop-1] org.apache.catalina.startup.HostConfig.deployDirectory Deploying web application directory E:\TSS\apache-tomcat-8.5.9-windows-x86\apache-tomcat-8.5.9\webapps\host-manager
10-Mar-2020 11:54:54.048 INFO [localhost-startStop-1] org.apache.catalina.startup.HostConfig.deployDirectory Deployment of web application directory E:\TSS\apache-tomcat-8.5.9-windows-x86\apache-tomcat-8.5.9\webapps\host-manager has finished in 33 ms
10-Mar-2020 11:54:54.049 INFO [localhost-startStop-1] org.apache.catalina.startup.HostConfig.deployDirectory Deploying web application directory E:\TSS\apache-tomcat-8.5.9-windows-x86\apache-tomcat-8.5.9\webapps\manager
10-Mar-2020 11:54:54.076 INFO [localhost-startStop-1] org.apache.catalina.startup.HostConfig.deployDirectory Deployment of web application directory E:\TSS\apache-tomcat-8.5.9-windows-x86\apache-tomcat-8.5.9\webapps\manager has finished in 27 ms
10-Mar-2020 11:54:54.077 INFO [localhost-startStop-1] org.apache.catalina.startup.HostConfig.deployDirectory Deploying web application directory E:\TSS\apache-tomcat-8.5.9-windows-x86\apache-tomcat-8.5.9\webapps\ROOT
10-Mar-2020 11:54:54.102 INFO [localhost-startStop-1] org.apache.catalina.startup.HostConfig.deployDirectory Deployment of web application directory E:\TSS\apache-tomcat-8.5.9-windows-x86\apache-tomcat-8.5.9\webapps\ROOT has finished in 24 ms
10-Mar-2020 11:54:54.105 INFO [main] org.apache.coyote.AbstractProtocol.start Starting ProtocolHandler [http-nio-8080]
10-Mar-2020 11:54:54.114 INFO [main] org.apache.coyote.AbstractProtocol.start Starting ProtocolHandler [ajp-nio-8009]
10-Mar-2020 11:54:54.118 INFO [main] org.apache.catalina.startup.Catalina.start Server startup in 1019 ms
10-Mar-2020 11:54:56.344 INFO [http-nio-8080-exec-4] org.apache.catalina.startup.HostConfig.undeploy Undeploying context [/WebApplicationServlet]
10-Mar-2020 11:54:56.366 INFO [http-nio-8080-exec-5] org.apache.catalina.startup.HostConfig.deployDescriptor Deploying configuration descriptor E:\TSS\apache-tomcat-8.5.9-windows-x86\apache-tomcat-8.5.9\conf\Catalina\localhost\WebApplicationServlet.xml
10-Mar-2020 11:54:56.370 WARNING [http-nio-8080-exec-5] org.apache.catalina.startup.SetContextPropertiesRule.begin [SetContextPropertiesRule]{Context} Setting property 'antiJARLocking' to 'true' did not find a matching property.
10-Mar-2020 11:54:56.425 INFO [http-nio-8080-exec-5] org.apache.catalina.startup.HostConfig.deployDescriptor Deployment of configuration descriptor E:\TSS\apache-tomcat-8.5.9-windows-x86\apache-tomcat-8.5.9\conf\Catalina\localhost\WebApplicationServlet.xml has finished in 59 ms
10-Mar-2020 11:54:56.429 INFO [http-nio-8080-exec-10] org.apache.catalina.util.LifecycleBase.start The start() method was called on component [StandardEngine[Catalina].StandardHost[localhost].StandardContext[/WebApplicationServlet]] after start() had already been called. The second call will be ignored.
10-Mar-2020 11:55:40.808 INFO [http-nio-8080-exec-11] org.apache.catalina.startup.HostConfig.undeploy Undeploying context [/WebApplicationServlet]
10-Mar-2020 11:55:40.825 INFO [http-nio-8080-exec-14] org.apache.catalina.startup.HostConfig.deployDescriptor Deploying configuration descriptor E:\TSS\apache-tomcat-8.5.9-windows-x86\apache-tomcat-8.5.9\conf\Catalina\localhost\WebApplicationServlet.xml
10-Mar-2020 11:55:40.829 WARNING [http-nio-8080-exec-14] org.apache.catalina.startup.SetContextPropertiesRule.begin [SetContextPropertiesRule]{Context} Setting property 'antiJARLocking' to 'true' did not find a matching property.
10-Mar-2020 11:55:40.871 INFO [http-nio-8080-exec-14] org.apache.catalina.startup.HostConfig.deployDescriptor Deployment of configuration descriptor E:\TSS\apache-tomcat-8.5.9-windows-x86\apache-tomcat-8.5.9\conf\Catalina\localhost\WebApplicationServlet.xml has finished in 46 ms
10-Mar-2020 11:55:40.875 INFO [http-nio-8080-exec-10] org.apache.catalina.util.LifecycleBase.start The start() method was called on component [StandardEngine[Catalina].StandardHost[localhost].StandardContext[/WebApplicationServlet]] after start() had already been called. The second call will be ignored.
10-Mar-2020 11:56:41.482 INFO [http-nio-8080-exec-10] org.apache.catalina.startup.HostConfig.undeploy Undeploying context [/WebApplicationServlet]
10-Mar-2020 11:56:41.498 INFO [http-nio-8080-exec-16] org.apache.catalina.startup.HostConfig.deployDescriptor Deploying configuration descriptor E:\TSS\apache-tomcat-8.5.9-windows-x86\apache-tomcat-8.5.9\conf\Catalina\localhost\WebApplicationServlet.xml
10-Mar-2020 11:56:41.502 WARNING [http-nio-8080-exec-16] org.apache.catalina.startup.SetContextPropertiesRule.begin [SetContextPropertiesRule]{Context} Setting property 'antiJARLocking' to 'true' did not find a matching property.
10-Mar-2020 11:56:41.541 INFO [http-nio-8080-exec-16] org.apache.catalina.startup.HostConfig.deployDescriptor Deployment of configuration descriptor E:\TSS\apache-tomcat-8.5.9-windows-x86\apache-tomcat-8.5.9\conf\Catalina\localhost\WebApplicationServlet.xml has finished in 43 ms
10-Mar-2020 11:56:41.544 INFO [http-nio-8080-exec-5] org.apache.catalina.util.LifecycleBase.start The start() method was called on component [StandardEngine[Catalina].StandardHost[localhost].StandardContext[/WebApplicationServlet]] after start() had already been called. The second call will be ignored.
10-Mar-2020 12:00:02.847 INFO [http-nio-8080-exec-25] org.apache.catalina.startup.HostConfig.undeploy Undeploying context [/WebApplicationServlet]
10-Mar-2020 12:00:02.883 INFO [http-nio-8080-exec-25] org.apache.catalina.startup.HostConfig.deployDescriptor Deploying configuration descriptor E:\TSS\apache-tomcat-8.5.9-windows-x86\apache-tomcat-8.5.9\conf\Catalina\localhost\WebApplicationServlet.xml
10-Mar-2020 12:00:02.898 WARNING [http-nio-8080-exec-25] org.apache.catalina.startup.SetContextPropertiesRule.begin [SetContextPropertiesRule]{Context} Setting property 'antiJARLocking' to 'true' did not find a matching property.
10-Mar-2020 12:00:03.041 INFO [http-nio-8080-exec-25] org.apache.catalina.startup.HostConfig.deployDescriptor Deployment of configuration descriptor E:\TSS\apache-tomcat-8.5.9-windows-x86\apache-tomcat-8.5.9\conf\Catalina\localhost\WebApplicationServlet.xml has finished in 159 ms
10-Mar-2020 12:00:03.050 INFO [http-nio-8080-exec-28] org.apache.catalina.util.LifecycleBase.start The start() method was called on component [StandardEngine[Catalina].StandardHost[localhost].StandardContext[/WebApplicationServlet]] after start() had already been called. The second call will be ignored.
10-Mar-2020 12:01:42.614 INFO [http-nio-8080-exec-23] org.apache.catalina.startup.HostConfig.undeploy Undeploying context [/WebApplicationServlet]
10-Mar-2020 12:01:42.648 INFO [http-nio-8080-exec-23] org.apache.catalina.startup.HostConfig.deployDescriptor Deploying configuration descriptor E:\TSS\apache-tomcat-8.5.9-windows-x86\apache-tomcat-8.5.9\conf\Catalina\localhost\WebApplicationServlet.xml
10-Mar-2020 12:01:42.663 WARNING [http-nio-8080-exec-23] org.apache.catalina.startup.SetContextPropertiesRule.begin [SetContextPropertiesRule]{Context} Setting property 'antiJARLocking' to 'true' did not find a matching property.
10-Mar-2020 12:01:42.809 INFO [http-nio-8080-exec-23] org.apache.catalina.startup.HostConfig.deployDescriptor Deployment of configuration descriptor E:\TSS\apache-tomcat-8.5.9-windows-x86\apache-tomcat-8.5.9\conf\Catalina\localhost\WebApplicationServlet.xml has finished in 160 ms
10-Mar-2020 12:01:42.816 INFO [http-nio-8080-exec-35] org.apache.catalina.util.LifecycleBase.start The start() method was called on component [StandardEngine[Catalina].StandardHost[localhost].StandardContext[/WebApplicationServlet]] after start() had already been called. The second call will be ignored.
10-Mar-2020 12:18:04.499 INFO [ContainerBackgroundProcessor[StandardEngine[Catalina]]] org.apache.catalina.startup.HostConfig.reload Reloading context [/WebApplicationServlet]
10-Mar-2020 12:18:04.499 INFO [ContainerBackgroundProcessor[StandardEngine[Catalina]]] org.apache.catalina.core.StandardContext.reload Reloading Context with name [/WebApplicationServlet] has started
10-Mar-2020 12:18:04.542 INFO [ContainerBackgroundProcessor[StandardEngine[Catalina]]] org.apache.catalina.core.StandardContext.reload Reloading Context with name [/WebApplicationServlet] is completed
10-Mar-2020 12:29:23.330 INFO [http-nio-8080-exec-55] org.apache.catalina.core.StandardContext.reload Reloading Context with name [/WebApplicationServlet] has started
10-Mar-2020 12:29:23.392 INFO [http-nio-8080-exec-55] org.apache.catalina.core.StandardContext.reload Reloading Context with name [/WebApplicationServlet] is completed
10-Mar-2020 12:31:11.009 INFO [http-nio-8080-exec-50] org.apache.catalina.core.StandardContext.reload Reloading Context with name [/WebApplicationServlet] has started
10-Mar-2020 12:31:11.056 INFO [http-nio-8080-exec-50] org.apache.catalina.core.StandardContext.reload Reloading Context with name [/WebApplicationServlet] is completed
10-Mar-2020 12:31:13.144 INFO [http-nio-8080-exec-60] org.apache.catalina.core.StandardContext.reload Reloading Context with name [/WebApplicationServlet] has started
10-Mar-2020 12:31:13.191 INFO [http-nio-8080-exec-60] org.apache.catalina.core.StandardContext.reload Reloading Context with name [/WebApplicationServlet] is completed
10-Mar-2020 12:31:53.811 INFO [http-nio-8080-exec-60] org.apache.catalina.core.StandardContext.reload Reloading Context with name [/WebApplicationServlet] has started
10-Mar-2020 12:31:53.854 INFO [http-nio-8080-exec-60] org.apache.catalina.core.StandardContext.reload Reloading Context with name [/WebApplicationServlet] is completed
10-Mar-2020 12:32:29.587 INFO [http-nio-8080-exec-62] org.apache.catalina.core.StandardContext.reload Reloading Context with name [/WebApplicationServlet] has started
10-Mar-2020 12:32:29.627 INFO [http-nio-8080-exec-62] org.apache.catalina.core.StandardContext.reload Reloading Context with name [/WebApplicationServlet] is completed
10-Mar-2020 12:32:42.987 INFO [http-nio-8080-exec-69] org.apache.catalina.core.StandardContext.reload Reloading Context with name [/WebApplicationServlet] has started
10-Mar-2020 12:32:43.031 INFO [http-nio-8080-exec-69] org.apache.catalina.core.StandardContext.reload Reloading Context with name [/WebApplicationServlet] is completed
10-Mar-2020 12:33:24.936 INFO [http-nio-8080-exec-60] org.apache.catalina.core.StandardContext.reload Reloading Context with name [/WebApplicationServlet] has started
10-Mar-2020 12:33:24.980 INFO [http-nio-8080-exec-60] org.apache.catalina.core.StandardContext.reload Reloading Context with name [/WebApplicationServlet] is completed
10-Mar-2020 12:33:27.505 INFO [http-nio-8080-exec-74] org.apache.catalina.core.StandardContext.reload Reloading Context with name [/WebApplicationServlet] has started
10-Mar-2020 12:33:27.548 INFO [http-nio-8080-exec-74] org.apache.catalina.core.StandardContext.reload Reloading Context with name [/WebApplicationServlet] is completed
10-Mar-2020 12:33:30.034 INFO [http-nio-8080-exec-78] org.apache.catalina.core.StandardContext.reload Reloading Context with name [/WebApplicationServlet] has started
10-Mar-2020 12:33:30.075 INFO [http-nio-8080-exec-78] org.apache.catalina.core.StandardContext.reload Reloading Context with name [/WebApplicationServlet] is completed
10-Mar-2020 12:35:59.187 INFO [http-nio-8080-exec-87] org.apache.catalina.core.StandardContext.reload Reloading Context with name [/WebApplicationServlet] has started
10-Mar-2020 12:35:59.231 INFO [http-nio-8080-exec-87] org.apache.catalina.core.StandardContext.reload Reloading Context with name [/WebApplicationServlet] is completed
10-Mar-2020 12:36:00.831 INFO [http-nio-8080-exec-78] org.apache.catalina.core.StandardContext.reload Reloading Context with name [/WebApplicationServlet] has started
10-Mar-2020 12:36:00.871 INFO [http-nio-8080-exec-78] org.apache.catalina.core.StandardContext.reload Reloading Context with name [/WebApplicationServlet] is completed
10-Mar-2020 12:36:37.394 INFO [http-nio-8080-exec-89] org.apache.catalina.core.StandardContext.reload Reloading Context with name [/WebApplicationServlet] has started
10-Mar-2020 12:36:37.434 INFO [http-nio-8080-exec-89] org.apache.catalina.core.StandardContext.reload Reloading Context with name [/WebApplicationServlet] is completed
10-Mar-2020 12:36:41.064 INFO [http-nio-8080-exec-92] org.apache.catalina.core.StandardContext.reload Reloading Context with name [/WebApplicationServlet] has started
10-Mar-2020 12:36:41.105 INFO [http-nio-8080-exec-92] org.apache.catalina.core.StandardContext.reload Reloading Context with name [/WebApplicationServlet] is completed
10-Mar-2020 12:37:22.461 INFO [http-nio-8080-exec-91] org.apache.catalina.core.StandardContext.reload Reloading Context with name [/WebApplicationServlet] has started
10-Mar-2020 12:37:22.503 INFO [http-nio-8080-exec-91] org.apache.catalina.core.StandardContext.reload Reloading Context with name [/WebApplicationServlet] is completed
10-Mar-2020 12:37:25.121 INFO [http-nio-8080-exec-95] org.apache.catalina.core.StandardContext.reload Reloading Context with name [/WebApplicationServlet] has started
10-Mar-2020 12:37:25.162 INFO [http-nio-8080-exec-95] org.apache.catalina.core.StandardContext.reload Reloading Context with name [/WebApplicationServlet] is completed
10-Mar-2020 12:39:54.171 INFO [http-nio-8080-exec-103] org.apache.catalina.core.StandardContext.reload Reloading Context with name [/WebApplicationServlet] has started
10-Mar-2020 12:39:54.217 INFO [http-nio-8080-exec-103] org.apache.catalina.core.StandardContext.reload Reloading Context with name [/WebApplicationServlet] is completed
10-Mar-2020 12:40:14.904 INFO [ContainerBackgroundProcessor[StandardEngine[Catalina]]] org.apache.catalina.startup.HostConfig.reload Reloading context [/WebApplicationServlet]
10-Mar-2020 12:40:14.904 INFO [ContainerBackgroundProcessor[StandardEngine[Catalina]]] org.apache.catalina.core.StandardContext.reload Reloading Context with name [/WebApplicationServlet] has started
10-Mar-2020 12:40:14.942 INFO [ContainerBackgroundProcessor[StandardEngine[Catalina]]] org.apache.catalina.core.StandardContext.reload Reloading Context with name [/WebApplicationServlet] is completed
10-Mar-2020 12:41:23.492 INFO [http-nio-8080-exec-107] org.apache.catalina.core.StandardContext.reload Reloading Context with name [/WebApplicationServlet] has started
10-Mar-2020 12:41:23.535 INFO [http-nio-8080-exec-107] org.apache.catalina.core.StandardContext.reload Reloading Context with name [/WebApplicationServlet] is completed
10-Mar-2020 12:41:24.790 INFO [http-nio-8080-exec-111] org.apache.catalina.core.StandardContext.reload Reloading Context with name [/WebApplicationServlet] has started
10-Mar-2020 12:41:24.837 INFO [http-nio-8080-exec-111] org.apache.catalina.core.StandardContext.reload Reloading Context with name [/WebApplicationServlet] is completed
10-Mar-2020 12:42:02.964 INFO [http-nio-8080-exec-111] org.apache.catalina.core.StandardContext.reload Reloading Context with name [/WebApplicationServlet] has started
10-Mar-2020 12:42:03.005 INFO [http-nio-8080-exec-111] org.apache.catalina.core.StandardContext.reload Reloading Context with name [/WebApplicationServlet] is completed
10-Mar-2020 12:42:04.971 INFO [ContainerBackgroundProcessor[StandardEngine[Catalina]]] org.apache.catalina.startup.HostConfig.reload Reloading context [/WebApplicationServlet]
10-Mar-2020 12:42:04.971 INFO [ContainerBackgroundProcessor[StandardEngine[Catalina]]] org.apache.catalina.core.StandardContext.reload Reloading Context with name [/WebApplicationServlet] has started
10-Mar-2020 12:42:05.011 INFO [ContainerBackgroundProcessor[StandardEngine[Catalina]]] org.apache.catalina.core.StandardContext.reload Reloading Context with name [/WebApplicationServlet] is completed
10-Mar-2020 12:46:37.491 INFO [http-nio-8080-exec-128] org.apache.catalina.startup.HostConfig.deployDescriptor Deploying configuration descriptor E:\TSS\apache-tomcat-8.5.9-windows-x86\apache-tomcat-8.5.9\conf\Catalina\localhost\WebApplicationServletAnnotation.xml
10-Mar-2020 12:46:37.495 WARNING [http-nio-8080-exec-128] org.apache.catalina.startup.SetContextPropertiesRule.begin [SetContextPropertiesRule]{Context} Setting property 'antiJARLocking' to 'true' did not find a matching property.
10-Mar-2020 12:46:37.690 INFO [http-nio-8080-exec-128] org.apache.catalina.startup.HostConfig.deployDescriptor Deployment of configuration descriptor E:\TSS\apache-tomcat-8.5.9-windows-x86\apache-tomcat-8.5.9\conf\Catalina\localhost\WebApplicationServletAnnotation.xml has finished in 199 ms
10-Mar-2020 12:46:37.693 INFO [http-nio-8080-exec-126] org.apache.catalina.util.LifecycleBase.start The start() method was called on component [StandardEngine[Catalina].StandardHost[localhost].StandardContext[/WebApplicationServletAnnotation]] after start() had already been called. The second call will be ignored.
10-Mar-2020 12:48:56.146 INFO [http-nio-8080-exec-135] org.apache.catalina.core.StandardContext.reload Reloading Context with name [/WebApplicationServletAnnotation] has started
10-Mar-2020 12:48:56.151 WARNING [http-nio-8080-exec-135] org.apache.catalina.loader.WebappClassLoaderBase.clearReferencesJdbc The web application [WebApplicationServletAnnotation] registered the JDBC driver [com.microsoft.sqlserver.jdbc.SQLServerDriver] but failed to unregister it when the web application was stopped. To prevent a memory leak, the JDBC Driver has been forcibly unregistered.
10-Mar-2020 12:48:56.151 SEVERE [http-nio-8080-exec-135] org.apache.catalina.loader.WebappClassLoaderBase.checkThreadLocalMapForLeaks The web application [WebApplicationServletAnnotation] created a ThreadLocal with key of type [com.microsoft.sqlserver.jdbc.ActivityCorrelator$1] (value [com.microsoft.sqlserver.jdbc.ActivityCorrelator$1@74beb6d7]) and a value of type [com.microsoft.sqlserver.jdbc.ActivityId] (value [1b92f562-58ef-4ab4-b6b2-a56903b7c5f5-1]) but failed to remove it when the web application was stopped. Threads are going to be renewed over time to try and avoid a probable memory leak.
10-Mar-2020 12:48:56.350 INFO [http-nio-8080-exec-135] org.apache.catalina.core.StandardContext.reload Reloading Context with name [/WebApplicationServletAnnotation] is completed
10-Mar-2020 12:48:56.366 INFO [http-nio-8080-exec-133] org.apache.catalina.core.StandardContext.reload Reloading Context with name [/WebApplicationServletAnnotation] has started
10-Mar-2020 12:48:56.446 INFO [http-nio-8080-exec-133] org.apache.catalina.core.StandardContext.reload Reloading Context with name [/WebApplicationServletAnnotation] is completed
10-Mar-2020 12:49:42.936 INFO [http-nio-8080-exec-132] org.apache.catalina.core.StandardContext.reload Reloading Context with name [/WebApplicationServletAnnotation] has started
10-Mar-2020 12:49:43.090 INFO [http-nio-8080-exec-132] org.apache.catalina.core.StandardContext.reload Reloading Context with name [/WebApplicationServletAnnotation] is completed
10-Mar-2020 12:49:46.064 INFO [http-nio-8080-exec-128] org.apache.catalina.core.StandardContext.reload Reloading Context with name [/WebApplicationServletAnnotation] has started
10-Mar-2020 12:49:46.132 INFO [http-nio-8080-exec-128] org.apache.catalina.core.StandardContext.reload Reloading Context with name [/WebApplicationServletAnnotation] is completed
10-Mar-2020 12:50:31.144 INFO [http-nio-8080-exec-140] org.apache.catalina.core.StandardContext.reload Reloading Context with name [/WebApplicationServletAnnotation] has started
10-Mar-2020 12:50:31.287 INFO [http-nio-8080-exec-140] org.apache.catalina.core.StandardContext.reload Reloading Context with name [/WebApplicationServletAnnotation] is completed
10-Mar-2020 12:51:25.271 INFO [http-nio-8080-exec-128] org.apache.catalina.core.StandardContext.reload Reloading Context with name [/WebApplicationServletAnnotation] has started
10-Mar-2020 12:51:25.418 INFO [http-nio-8080-exec-128] org.apache.catalina.core.StandardContext.reload Reloading Context with name [/WebApplicationServletAnnotation] is completed
10-Mar-2020 12:51:28.989 INFO [http-nio-8080-exec-143] org.apache.catalina.core.StandardContext.reload Reloading Context with name [/WebApplicationServletAnnotation] has started
10-Mar-2020 12:51:29.072 INFO [http-nio-8080-exec-143] org.apache.catalina.core.StandardContext.reload Reloading Context with name [/WebApplicationServletAnnotation] is completed
10-Mar-2020 12:51:48.662 INFO [http-nio-8080-exec-145] org.apache.catalina.core.StandardContext.reload Reloading Context with name [/WebApplicationServletAnnotation] has started
10-Mar-2020 12:51:48.724 INFO [http-nio-8080-exec-145] org.apache.catalina.core.StandardContext.reload Reloading Context with name [/WebApplicationServletAnnotation] is completed
10-Mar-2020 12:54:17.997 INFO [http-nio-8080-exec-131] org.apache.catalina.core.StandardContext.reload Reloading Context with name [/WebApplicationServletAnnotation] has started
10-Mar-2020 12:54:18.147 INFO [http-nio-8080-exec-131] org.apache.catalina.core.StandardContext.reload Reloading Context with name [/WebApplicationServletAnnotation] is completed
10-Mar-2020 12:55:05.006 INFO [http-nio-8080-exec-145] org.apache.catalina.core.StandardContext.reload Reloading Context with name [/WebApplicationServletAnnotation] has started
10-Mar-2020 12:55:05.157 INFO [http-nio-8080-exec-145] org.apache.catalina.core.StandardContext.reload Reloading Context with name [/WebApplicationServletAnnotation] is completed
10-Mar-2020 12:57:22.154 INFO [http-nio-8080-exec-152] org.apache.catalina.core.StandardContext.reload Reloading Context with name [/WebApplicationServletAnnotation] has started
10-Mar-2020 12:57:22.325 INFO [http-nio-8080-exec-152] org.apache.catalina.core.StandardContext.reload Reloading Context with name [/WebApplicationServletAnnotation] is completed
10-Mar-2020 12:57:58.444 INFO [http-nio-8080-exec-154] org.apache.catalina.core.StandardContext.reload Reloading Context with name [/WebApplicationServletAnnotation] has started
10-Mar-2020 12:57:58.586 INFO [http-nio-8080-exec-154] org.apache.catalina.core.StandardContext.reload Reloading Context with name [/WebApplicationServletAnnotation] is completed
10-Mar-2020 12:58:06.793 INFO [http-nio-8080-exec-155] org.apache.catalina.core.StandardContext.reload Reloading Context with name [/WebApplicationServletAnnotation] has started
10-Mar-2020 12:58:06.854 INFO [http-nio-8080-exec-155] org.apache.catalina.core.StandardContext.reload Reloading Context with name [/WebApplicationServletAnnotation] is completed
10-Mar-2020 13:02:17.584 INFO [http-nio-8080-exec-166] org.apache.catalina.core.StandardContext.reload Reloading Context with name [/WebApplicationServletAnnotation] has started
10-Mar-2020 13:02:17.587 WARNING [http-nio-8080-exec-166] org.apache.catalina.loader.WebappClassLoaderBase.clearReferencesJdbc The web application [WebApplicationServletAnnotation] registered the JDBC driver [com.microsoft.sqlserver.jdbc.SQLServerDriver] but failed to unregister it when the web application was stopped. To prevent a memory leak, the JDBC Driver has been forcibly unregistered.
10-Mar-2020 13:02:17.744 INFO [http-nio-8080-exec-166] org.apache.catalina.core.StandardContext.reload Reloading Context with name [/WebApplicationServletAnnotation] is completed
10-Mar-2020 13:02:19.318 INFO [http-nio-8080-exec-164] org.apache.catalina.core.StandardContext.reload Reloading Context with name [/WebApplicationServletAnnotation] has started
10-Mar-2020 13:02:19.394 INFO [http-nio-8080-exec-164] org.apache.catalina.core.StandardContext.reload Reloading Context with name [/WebApplicationServletAnnotation] is completed
10-Mar-2020 13:35:22.414 INFO [main] org.apache.catalina.core.StandardServer.await A valid shutdown command was received via the shutdown port. Stopping the Server instance.
10-Mar-2020 13:35:22.414 INFO [main] org.apache.coyote.AbstractProtocol.pause Pausing ProtocolHandler ["http-nio-8080"]
10-Mar-2020 13:35:22.611 INFO [main] org.apache.coyote.AbstractProtocol.pause Pausing ProtocolHandler ["ajp-nio-8009"]
10-Mar-2020 13:35:22.785 INFO [main] org.apache.catalina.core.StandardService.stopInternal Stopping service Catalina
10-Mar-2020 13:35:22.795 WARNING [localhost-startStop-2] org.apache.catalina.loader.WebappClassLoaderBase.clearReferencesJdbc The web application [WebApplicationServletAnnotation] registered the JDBC driver [com.microsoft.sqlserver.jdbc.SQLServerDriver] but failed to unregister it when the web application was stopped. To prevent a memory leak, the JDBC Driver has been forcibly unregistered.
10-Mar-2020 13:35:22.800 INFO [main] org.apache.coyote.AbstractProtocol.stop Stopping ProtocolHandler ["http-nio-8080"]
10-Mar-2020 13:35:22.802 INFO [main] org.apache.coyote.AbstractProtocol.stop Stopping ProtocolHandler ["ajp-nio-8009"]
10-Mar-2020 13:35:22.803 INFO [main] org.apache.coyote.AbstractProtocol.destroy Destroying ProtocolHandler ["http-nio-8080"]
10-Mar-2020 13:35:22.804 INFO [main] org.apache.coyote.AbstractProtocol.destroy Destroying ProtocolHandler ["ajp-nio-8009"]
