03-Mar-2020 12:00:12.512 WARNING [main] org.apache.catalina.core.AprLifecycleListener.init The APR based Apache Tomcat Native library failed to load. The error reported was [E:\TSS\apache-tomcat-8.5.9-windows-x86\apache-tomcat-8.5.9\bin\tcnative-1.dll: Can't load IA 32-bit .dll on a AMD 64-bit platform]
 java.lang.UnsatisfiedLinkError: E:\TSS\apache-tomcat-8.5.9-windows-x86\apache-tomcat-8.5.9\bin\tcnative-1.dll: Can't load IA 32-bit .dll on a AMD 64-bit platform
	at java.lang.ClassLoader$NativeLibrary.load(Native Method)
	at java.lang.ClassLoader.loadLibrary0(Unknown Source)
	at java.lang.ClassLoader.loadLibrary(Unknown Source)
	at java.lang.Runtime.loadLibrary0(Unknown Source)
	at java.lang.System.loadLibrary(Unknown Source)
	at org.apache.tomcat.jni.Library.<init>(Library.java:42)
	at org.apache.tomcat.jni.Library.initialize(Library.java:178)
	at org.apache.catalina.core.AprLifecycleListener.init(AprLifecycleListener.java:198)
	at org.apache.catalina.core.AprLifecycleListener.isAprAvailable(AprLifecycleListener.java:107)
	at org.apache.catalina.connector.Connector.setProtocol(Connector.java:565)
	at org.apache.catalina.connector.Connector.<init>(Connector.java:70)
	at org.apache.catalina.startup.ConnectorCreateRule.begin(ConnectorCreateRule.java:64)
	at org.apache.tomcat.util.digester.Digester.startElement(Digester.java:1190)
	at com.sun.org.apache.xerces.internal.parsers.AbstractSAXParser.startElement(Unknown Source)
	at com.sun.org.apache.xerces.internal.parsers.AbstractXMLDocumentParser.emptyElement(Unknown Source)
	at com.sun.org.apache.xerces.internal.impl.XMLDocumentFragmentScannerImpl.scanStartElement(Unknown Source)
	at com.sun.org.apache.xerces.internal.impl.XMLDocumentFragmentScannerImpl$FragmentContentDriver.next(Unknown Source)
	at com.sun.org.apache.xerces.internal.impl.XMLDocumentScannerImpl.next(Unknown Source)
	at com.sun.org.apache.xerces.internal.impl.XMLDocumentFragmentScannerImpl.scanDocument(Unknown Source)
	at com.sun.org.apache.xerces.internal.parsers.XML11Configuration.parse(Unknown Source)
	at com.sun.org.apache.xerces.internal.parsers.XML11Configuration.parse(Unknown Source)
	at com.sun.org.apache.xerces.internal.parsers.XMLParser.parse(Unknown Source)
	at com.sun.org.apache.xerces.internal.parsers.AbstractSAXParser.parse(Unknown Source)
	at com.sun.org.apache.xerces.internal.jaxp.SAXParserImpl$JAXPSAXParser.parse(Unknown Source)
	at org.apache.tomcat.util.digester.Digester.parse(Digester.java:1458)
	at org.apache.catalina.startup.Catalina.load(Catalina.java:578)
	at org.apache.catalina.startup.Catalina.load(Catalina.java:629)
	at sun.reflect.NativeMethodAccessorImpl.invoke0(Native Method)
	at sun.reflect.NativeMethodAccessorImpl.invoke(Unknown Source)
	at sun.reflect.DelegatingMethodAccessorImpl.invoke(Unknown Source)
	at java.lang.reflect.Method.invoke(Unknown Source)
	at org.apache.catalina.startup.Bootstrap.load(Bootstrap.java:311)
	at org.apache.catalina.startup.Bootstrap.main(Bootstrap.java:494)

03-Mar-2020 12:00:12.588 INFO [main] org.apache.catalina.startup.VersionLoggerListener.log Server version:        Apache Tomcat/8.5.9
03-Mar-2020 12:00:12.588 INFO [main] org.apache.catalina.startup.VersionLoggerListener.log Server built:          Dec 5 2016 20:18:12 UTC
03-Mar-2020 12:00:12.590 INFO [main] org.apache.catalina.startup.VersionLoggerListener.log Server number:         8.5.9.0
03-Mar-2020 12:00:12.590 INFO [main] org.apache.catalina.startup.VersionLoggerListener.log OS Name:               Windows 10
03-Mar-2020 12:00:12.591 INFO [main] org.apache.catalina.startup.VersionLoggerListener.log OS Version:            10.0
03-Mar-2020 12:00:12.591 INFO [main] org.apache.catalina.startup.VersionLoggerListener.log Architecture:          amd64
03-Mar-2020 12:00:12.591 INFO [main] org.apache.catalina.startup.VersionLoggerListener.log Java Home:             C:\Program Files\Java\jre1.8.0_241
03-Mar-2020 12:00:12.592 INFO [main] org.apache.catalina.startup.VersionLoggerListener.log JVM Version:           1.8.0_241-b07
03-Mar-2020 12:00:12.592 INFO [main] org.apache.catalina.startup.VersionLoggerListener.log JVM Vendor:            Oracle Corporation
03-Mar-2020 12:00:12.593 INFO [main] org.apache.catalina.startup.VersionLoggerListener.log CATALINA_BASE:         E:\TSS\apache-tomcat-8.5.9-windows-x86\apache-tomcat-8.5.9
03-Mar-2020 12:00:12.593 INFO [main] org.apache.catalina.startup.VersionLoggerListener.log CATALINA_HOME:         E:\TSS\apache-tomcat-8.5.9-windows-x86\apache-tomcat-8.5.9
03-Mar-2020 12:00:12.594 INFO [main] org.apache.catalina.startup.VersionLoggerListener.log Command line argument: -Djava.util.logging.config.file=E:\TSS\apache-tomcat-8.5.9-windows-x86\apache-tomcat-8.5.9\conf\logging.properties
03-Mar-2020 12:00:12.596 INFO [main] org.apache.catalina.startup.VersionLoggerListener.log Command line argument: -Djava.util.logging.manager=org.apache.juli.ClassLoaderLogManager
03-Mar-2020 12:00:12.596 INFO [main] org.apache.catalina.startup.VersionLoggerListener.log Command line argument: -Djdk.tls.ephemeralDHKeySize=2048
03-Mar-2020 12:00:12.597 INFO [main] org.apache.catalina.startup.VersionLoggerListener.log Command line argument: -Djava.protocol.handler.pkgs=org.apache.catalina.webresources
03-Mar-2020 12:00:12.597 INFO [main] org.apache.catalina.startup.VersionLoggerListener.log Command line argument: -Dcatalina.base=E:\TSS\apache-tomcat-8.5.9-windows-x86\apache-tomcat-8.5.9
03-Mar-2020 12:00:12.597 INFO [main] org.apache.catalina.startup.VersionLoggerListener.log Command line argument: -Dcatalina.home=E:\TSS\apache-tomcat-8.5.9-windows-x86\apache-tomcat-8.5.9
03-Mar-2020 12:00:12.598 INFO [main] org.apache.catalina.startup.VersionLoggerListener.log Command line argument: -Djava.io.tmpdir=E:\TSS\apache-tomcat-8.5.9-windows-x86\apache-tomcat-8.5.9\temp
03-Mar-2020 12:00:12.756 INFO [main] org.apache.coyote.AbstractProtocol.init Initializing ProtocolHandler ["http-nio-8080"]
03-Mar-2020 12:00:13.033 INFO [main] org.apache.tomcat.util.net.NioSelectorPool.getSharedSelector Using a shared selector for servlet write/read
03-Mar-2020 12:00:13.036 INFO [main] org.apache.coyote.AbstractProtocol.init Initializing ProtocolHandler ["ajp-nio-8009"]
03-Mar-2020 12:00:13.039 INFO [main] org.apache.tomcat.util.net.NioSelectorPool.getSharedSelector Using a shared selector for servlet write/read
03-Mar-2020 12:00:13.040 INFO [main] org.apache.catalina.startup.Catalina.load Initialization processed in 867 ms
03-Mar-2020 12:00:13.076 INFO [main] org.apache.catalina.core.StandardService.startInternal Starting service Catalina
03-Mar-2020 12:00:13.076 INFO [main] org.apache.catalina.core.StandardEngine.startInternal Starting Servlet Engine: Apache Tomcat/8.5.9
03-Mar-2020 12:00:13.091 INFO [localhost-startStop-1] org.apache.catalina.startup.HostConfig.deployDirectory Deploying web application directory E:\TSS\apache-tomcat-8.5.9-windows-x86\apache-tomcat-8.5.9\webapps\docs
03-Mar-2020 12:00:13.357 INFO [localhost-startStop-1] org.apache.catalina.startup.HostConfig.deployDirectory Deployment of web application directory E:\TSS\apache-tomcat-8.5.9-windows-x86\apache-tomcat-8.5.9\webapps\docs has finished in 265 ms
03-Mar-2020 12:00:13.357 INFO [localhost-startStop-1] org.apache.catalina.startup.HostConfig.deployDirectory Deploying web application directory E:\TSS\apache-tomcat-8.5.9-windows-x86\apache-tomcat-8.5.9\webapps\examples
03-Mar-2020 12:00:13.792 INFO [localhost-startStop-1] org.apache.catalina.startup.HostConfig.deployDirectory Deployment of web application directory E:\TSS\apache-tomcat-8.5.9-windows-x86\apache-tomcat-8.5.9\webapps\examples has finished in 435 ms
03-Mar-2020 12:00:13.792 INFO [localhost-startStop-1] org.apache.catalina.startup.HostConfig.deployDirectory Deploying web application directory E:\TSS\apache-tomcat-8.5.9-windows-x86\apache-tomcat-8.5.9\webapps\host-manager
03-Mar-2020 12:00:13.822 INFO [localhost-startStop-1] org.apache.catalina.startup.HostConfig.deployDirectory Deployment of web application directory E:\TSS\apache-tomcat-8.5.9-windows-x86\apache-tomcat-8.5.9\webapps\host-manager has finished in 30 ms
03-Mar-2020 12:00:13.822 INFO [localhost-startStop-1] org.apache.catalina.startup.HostConfig.deployDirectory Deploying web application directory E:\TSS\apache-tomcat-8.5.9-windows-x86\apache-tomcat-8.5.9\webapps\manager
03-Mar-2020 12:00:13.852 INFO [localhost-startStop-1] org.apache.catalina.startup.HostConfig.deployDirectory Deployment of web application directory E:\TSS\apache-tomcat-8.5.9-windows-x86\apache-tomcat-8.5.9\webapps\manager has finished in 29 ms
03-Mar-2020 12:00:13.852 INFO [localhost-startStop-1] org.apache.catalina.startup.HostConfig.deployDirectory Deploying web application directory E:\TSS\apache-tomcat-8.5.9-windows-x86\apache-tomcat-8.5.9\webapps\ROOT
03-Mar-2020 12:00:13.875 INFO [localhost-startStop-1] org.apache.catalina.startup.HostConfig.deployDirectory Deployment of web application directory E:\TSS\apache-tomcat-8.5.9-windows-x86\apache-tomcat-8.5.9\webapps\ROOT has finished in 23 ms
03-Mar-2020 12:00:13.878 INFO [main] org.apache.coyote.AbstractProtocol.start Starting ProtocolHandler [http-nio-8080]
03-Mar-2020 12:00:13.885 INFO [main] org.apache.coyote.AbstractProtocol.start Starting ProtocolHandler [ajp-nio-8009]
03-Mar-2020 12:00:13.889 INFO [main] org.apache.catalina.startup.Catalina.start Server startup in 848 ms
03-Mar-2020 12:02:26.472 WARNING [main] org.apache.catalina.core.AprLifecycleListener.init The APR based Apache Tomcat Native library failed to load. The error reported was [E:\TSS\apache-tomcat-8.5.9-windows-x86\apache-tomcat-8.5.9\bin\tcnative-1.dll: Can't load IA 32-bit .dll on a AMD 64-bit platform]
 java.lang.UnsatisfiedLinkError: E:\TSS\apache-tomcat-8.5.9-windows-x86\apache-tomcat-8.5.9\bin\tcnative-1.dll: Can't load IA 32-bit .dll on a AMD 64-bit platform
	at java.lang.ClassLoader$NativeLibrary.load(Native Method)
	at java.lang.ClassLoader.loadLibrary0(Unknown Source)
	at java.lang.ClassLoader.loadLibrary(Unknown Source)
	at java.lang.Runtime.loadLibrary0(Unknown Source)
	at java.lang.System.loadLibrary(Unknown Source)
	at org.apache.tomcat.jni.Library.<init>(Library.java:42)
	at org.apache.tomcat.jni.Library.initialize(Library.java:178)
	at org.apache.catalina.core.AprLifecycleListener.init(AprLifecycleListener.java:198)
	at org.apache.catalina.core.AprLifecycleListener.isAprAvailable(AprLifecycleListener.java:107)
	at org.apache.catalina.connector.Connector.setProtocol(Connector.java:565)
	at org.apache.catalina.connector.Connector.<init>(Connector.java:70)
	at org.apache.catalina.startup.ConnectorCreateRule.begin(ConnectorCreateRule.java:64)
	at org.apache.tomcat.util.digester.Digester.startElement(Digester.java:1190)
	at com.sun.org.apache.xerces.internal.parsers.AbstractSAXParser.startElement(Unknown Source)
	at com.sun.org.apache.xerces.internal.parsers.AbstractXMLDocumentParser.emptyElement(Unknown Source)
	at com.sun.org.apache.xerces.internal.impl.XMLDocumentFragmentScannerImpl.scanStartElement(Unknown Source)
	at com.sun.org.apache.xerces.internal.impl.XMLDocumentFragmentScannerImpl$FragmentContentDriver.next(Unknown Source)
	at com.sun.org.apache.xerces.internal.impl.XMLDocumentScannerImpl.next(Unknown Source)
	at com.sun.org.apache.xerces.internal.impl.XMLDocumentFragmentScannerImpl.scanDocument(Unknown Source)
	at com.sun.org.apache.xerces.internal.parsers.XML11Configuration.parse(Unknown Source)
	at com.sun.org.apache.xerces.internal.parsers.XML11Configuration.parse(Unknown Source)
	at com.sun.org.apache.xerces.internal.parsers.XMLParser.parse(Unknown Source)
	at com.sun.org.apache.xerces.internal.parsers.AbstractSAXParser.parse(Unknown Source)
	at com.sun.org.apache.xerces.internal.jaxp.SAXParserImpl$JAXPSAXParser.parse(Unknown Source)
	at org.apache.tomcat.util.digester.Digester.parse(Digester.java:1458)
	at org.apache.catalina.startup.Catalina.load(Catalina.java:578)
	at org.apache.catalina.startup.Catalina.load(Catalina.java:629)
	at sun.reflect.NativeMethodAccessorImpl.invoke0(Native Method)
	at sun.reflect.NativeMethodAccessorImpl.invoke(Unknown Source)
	at sun.reflect.DelegatingMethodAccessorImpl.invoke(Unknown Source)
	at java.lang.reflect.Method.invoke(Unknown Source)
	at org.apache.catalina.startup.Bootstrap.load(Bootstrap.java:311)
	at org.apache.catalina.startup.Bootstrap.main(Bootstrap.java:494)

03-Mar-2020 12:02:26.556 INFO [main] org.apache.catalina.startup.VersionLoggerListener.log Server version:        Apache Tomcat/8.5.9
03-Mar-2020 12:02:26.557 INFO [main] org.apache.catalina.startup.VersionLoggerListener.log Server built:          Dec 5 2016 20:18:12 UTC
03-Mar-2020 12:02:26.558 INFO [main] org.apache.catalina.startup.VersionLoggerListener.log Server number:         8.5.9.0
03-Mar-2020 12:02:26.558 INFO [main] org.apache.catalina.startup.VersionLoggerListener.log OS Name:               Windows 10
03-Mar-2020 12:02:26.559 INFO [main] org.apache.catalina.startup.VersionLoggerListener.log OS Version:            10.0
03-Mar-2020 12:02:26.559 INFO [main] org.apache.catalina.startup.VersionLoggerListener.log Architecture:          amd64
03-Mar-2020 12:02:26.560 INFO [main] org.apache.catalina.startup.VersionLoggerListener.log Java Home:             C:\Program Files\Java\jre1.8.0_241
03-Mar-2020 12:02:26.560 INFO [main] org.apache.catalina.startup.VersionLoggerListener.log JVM Version:           1.8.0_241-b07
03-Mar-2020 12:02:26.560 INFO [main] org.apache.catalina.startup.VersionLoggerListener.log JVM Vendor:            Oracle Corporation
03-Mar-2020 12:02:26.561 INFO [main] org.apache.catalina.startup.VersionLoggerListener.log CATALINA_BASE:         E:\TSS\apache-tomcat-8.5.9-windows-x86\apache-tomcat-8.5.9
03-Mar-2020 12:02:26.561 INFO [main] org.apache.catalina.startup.VersionLoggerListener.log CATALINA_HOME:         E:\TSS\apache-tomcat-8.5.9-windows-x86\apache-tomcat-8.5.9
03-Mar-2020 12:02:26.562 INFO [main] org.apache.catalina.startup.VersionLoggerListener.log Command line argument: -Djava.util.logging.config.file=E:\TSS\apache-tomcat-8.5.9-windows-x86\apache-tomcat-8.5.9\conf\logging.properties
03-Mar-2020 12:02:26.564 INFO [main] org.apache.catalina.startup.VersionLoggerListener.log Command line argument: -Djava.util.logging.manager=org.apache.juli.ClassLoaderLogManager
03-Mar-2020 12:02:26.564 INFO [main] org.apache.catalina.startup.VersionLoggerListener.log Command line argument: -Djdk.tls.ephemeralDHKeySize=2048
03-Mar-2020 12:02:26.564 INFO [main] org.apache.catalina.startup.VersionLoggerListener.log Command line argument: -Djava.protocol.handler.pkgs=org.apache.catalina.webresources
03-Mar-2020 12:02:26.565 INFO [main] org.apache.catalina.startup.VersionLoggerListener.log Command line argument: -Dcatalina.base=E:\TSS\apache-tomcat-8.5.9-windows-x86\apache-tomcat-8.5.9
03-Mar-2020 12:02:26.565 INFO [main] org.apache.catalina.startup.VersionLoggerListener.log Command line argument: -Dcatalina.home=E:\TSS\apache-tomcat-8.5.9-windows-x86\apache-tomcat-8.5.9
03-Mar-2020 12:02:26.566 INFO [main] org.apache.catalina.startup.VersionLoggerListener.log Command line argument: -Djava.io.tmpdir=E:\TSS\apache-tomcat-8.5.9-windows-x86\apache-tomcat-8.5.9\temp
03-Mar-2020 12:02:26.675 INFO [main] org.apache.coyote.AbstractProtocol.init Initializing ProtocolHandler ["http-nio-8080"]
03-Mar-2020 12:02:26.892 INFO [main] org.apache.tomcat.util.net.NioSelectorPool.getSharedSelector Using a shared selector for servlet write/read
03-Mar-2020 12:02:26.895 INFO [main] org.apache.coyote.AbstractProtocol.init Initializing ProtocolHandler ["ajp-nio-8009"]
03-Mar-2020 12:02:26.897 INFO [main] org.apache.tomcat.util.net.NioSelectorPool.getSharedSelector Using a shared selector for servlet write/read
03-Mar-2020 12:02:26.898 INFO [main] org.apache.catalina.startup.Catalina.load Initialization processed in 667 ms
03-Mar-2020 12:02:26.923 INFO [main] org.apache.catalina.core.StandardService.startInternal Starting service Catalina
03-Mar-2020 12:02:26.923 INFO [main] org.apache.catalina.core.StandardEngine.startInternal Starting Servlet Engine: Apache Tomcat/8.5.9
03-Mar-2020 12:02:26.934 INFO [localhost-startStop-1] org.apache.catalina.startup.HostConfig.deployDirectory Deploying web application directory E:\TSS\apache-tomcat-8.5.9-windows-x86\apache-tomcat-8.5.9\webapps\docs
03-Mar-2020 12:02:27.164 INFO [localhost-startStop-1] org.apache.catalina.startup.HostConfig.deployDirectory Deployment of web application directory E:\TSS\apache-tomcat-8.5.9-windows-x86\apache-tomcat-8.5.9\webapps\docs has finished in 230 ms
03-Mar-2020 12:02:27.165 INFO [localhost-startStop-1] org.apache.catalina.startup.HostConfig.deployDirectory Deploying web application directory E:\TSS\apache-tomcat-8.5.9-windows-x86\apache-tomcat-8.5.9\webapps\examples
03-Mar-2020 12:02:27.618 INFO [localhost-startStop-1] org.apache.catalina.startup.HostConfig.deployDirectory Deployment of web application directory E:\TSS\apache-tomcat-8.5.9-windows-x86\apache-tomcat-8.5.9\webapps\examples has finished in 453 ms
03-Mar-2020 12:02:27.618 INFO [localhost-startStop-1] org.apache.catalina.startup.HostConfig.deployDirectory Deploying web application directory E:\TSS\apache-tomcat-8.5.9-windows-x86\apache-tomcat-8.5.9\webapps\host-manager
03-Mar-2020 12:02:27.655 INFO [localhost-startStop-1] org.apache.catalina.startup.HostConfig.deployDirectory Deployment of web application directory E:\TSS\apache-tomcat-8.5.9-windows-x86\apache-tomcat-8.5.9\webapps\host-manager has finished in 37 ms
03-Mar-2020 12:02:27.655 INFO [localhost-startStop-1] org.apache.catalina.startup.HostConfig.deployDirectory Deploying web application directory E:\TSS\apache-tomcat-8.5.9-windows-x86\apache-tomcat-8.5.9\webapps\manager
03-Mar-2020 12:02:27.694 INFO [localhost-startStop-1] org.apache.catalina.startup.HostConfig.deployDirectory Deployment of web application directory E:\TSS\apache-tomcat-8.5.9-windows-x86\apache-tomcat-8.5.9\webapps\manager has finished in 39 ms
03-Mar-2020 12:02:27.694 INFO [localhost-startStop-1] org.apache.catalina.startup.HostConfig.deployDirectory Deploying web application directory E:\TSS\apache-tomcat-8.5.9-windows-x86\apache-tomcat-8.5.9\webapps\ROOT
03-Mar-2020 12:02:27.723 INFO [localhost-startStop-1] org.apache.catalina.startup.HostConfig.deployDirectory Deployment of web application directory E:\TSS\apache-tomcat-8.5.9-windows-x86\apache-tomcat-8.5.9\webapps\ROOT has finished in 29 ms
03-Mar-2020 12:02:27.727 INFO [main] org.apache.coyote.AbstractProtocol.start Starting ProtocolHandler [http-nio-8080]
03-Mar-2020 12:02:27.738 INFO [main] org.apache.coyote.AbstractProtocol.start Starting ProtocolHandler [ajp-nio-8009]
03-Mar-2020 12:02:27.743 INFO [main] org.apache.catalina.startup.Catalina.start Server startup in 844 ms
03-Mar-2020 12:11:40.527 INFO [http-nio-8080-exec-6] org.apache.catalina.startup.HostConfig.deployWAR Deploying web application archive E:\TSS\apache-tomcat-8.5.9-windows-x86\apache-tomcat-8.5.9\webapps\WebApplicationServlet.war
03-Mar-2020 12:11:40.531 WARNING [http-nio-8080-exec-6] org.apache.catalina.startup.SetContextPropertiesRule.begin [SetContextPropertiesRule]{Context} Setting property 'antiJARLocking' to 'true' did not find a matching property.
03-Mar-2020 12:11:40.606 INFO [http-nio-8080-exec-6] org.apache.tomcat.dbcp.dbcp2.BasicDataSourceFactory.getObjectInstance Name = bazaTestowa Ignoring unknown property: value of "DB Connection" for "description" property
03-Mar-2020 12:11:40.620 INFO [http-nio-8080-exec-6] org.apache.catalina.startup.HostConfig.deployWAR Deployment of web application archive E:\TSS\apache-tomcat-8.5.9-windows-x86\apache-tomcat-8.5.9\webapps\WebApplicationServlet.war has finished in 93 ms
03-Mar-2020 12:22:33.529 INFO [main] org.apache.catalina.core.StandardServer.await A valid shutdown command was received via the shutdown port. Stopping the Server instance.
03-Mar-2020 12:22:33.530 INFO [main] org.apache.coyote.AbstractProtocol.pause Pausing ProtocolHandler ["http-nio-8080"]
03-Mar-2020 12:22:33.725 INFO [main] org.apache.coyote.AbstractProtocol.pause Pausing ProtocolHandler ["ajp-nio-8009"]
03-Mar-2020 12:22:33.907 INFO [main] org.apache.catalina.core.StandardService.stopInternal Stopping service Catalina
03-Mar-2020 12:22:33.943 INFO [main] org.apache.coyote.AbstractProtocol.stop Stopping ProtocolHandler ["http-nio-8080"]
03-Mar-2020 12:22:33.946 INFO [main] org.apache.coyote.AbstractProtocol.stop Stopping ProtocolHandler ["ajp-nio-8009"]
03-Mar-2020 12:22:33.947 INFO [main] org.apache.coyote.AbstractProtocol.destroy Destroying ProtocolHandler ["http-nio-8080"]
03-Mar-2020 12:22:33.949 INFO [main] org.apache.coyote.AbstractProtocol.destroy Destroying ProtocolHandler ["ajp-nio-8009"]
03-Mar-2020 12:22:41.057 WARNING [main] org.apache.catalina.core.AprLifecycleListener.init The APR based Apache Tomcat Native library failed to load. The error reported was [E:\TSS\apache-tomcat-8.5.9-windows-x86\apache-tomcat-8.5.9\bin\tcnative-1.dll: Can't load IA 32-bit .dll on a AMD 64-bit platform]
 java.lang.UnsatisfiedLinkError: E:\TSS\apache-tomcat-8.5.9-windows-x86\apache-tomcat-8.5.9\bin\tcnative-1.dll: Can't load IA 32-bit .dll on a AMD 64-bit platform
	at java.lang.ClassLoader$NativeLibrary.load(Native Method)
	at java.lang.ClassLoader.loadLibrary0(ClassLoader.java:1941)
	at java.lang.ClassLoader.loadLibrary(ClassLoader.java:1857)
	at java.lang.Runtime.loadLibrary0(Runtime.java:870)
	at java.lang.System.loadLibrary(System.java:1122)
	at org.apache.tomcat.jni.Library.<init>(Library.java:42)
	at org.apache.tomcat.jni.Library.initialize(Library.java:178)
	at org.apache.catalina.core.AprLifecycleListener.init(AprLifecycleListener.java:198)
	at org.apache.catalina.core.AprLifecycleListener.isAprAvailable(AprLifecycleListener.java:107)
	at org.apache.catalina.connector.Connector.setProtocol(Connector.java:565)
	at org.apache.catalina.connector.Connector.<init>(Connector.java:70)
	at org.apache.catalina.startup.ConnectorCreateRule.begin(ConnectorCreateRule.java:64)
	at org.apache.tomcat.util.digester.Digester.startElement(Digester.java:1190)
	at com.sun.org.apache.xerces.internal.parsers.AbstractSAXParser.startElement(AbstractSAXParser.java:509)
	at com.sun.org.apache.xerces.internal.parsers.AbstractXMLDocumentParser.emptyElement(AbstractXMLDocumentParser.java:182)
	at com.sun.org.apache.xerces.internal.impl.XMLDocumentFragmentScannerImpl.scanStartElement(XMLDocumentFragmentScannerImpl.java:1344)
	at com.sun.org.apache.xerces.internal.impl.XMLDocumentFragmentScannerImpl$FragmentContentDriver.next(XMLDocumentFragmentScannerImpl.java:2787)
	at com.sun.org.apache.xerces.internal.impl.XMLDocumentScannerImpl.next(XMLDocumentScannerImpl.java:606)
	at com.sun.org.apache.xerces.internal.impl.XMLDocumentFragmentScannerImpl.scanDocument(XMLDocumentFragmentScannerImpl.java:510)
	at com.sun.org.apache.xerces.internal.parsers.XML11Configuration.parse(XML11Configuration.java:848)
	at com.sun.org.apache.xerces.internal.parsers.XML11Configuration.parse(XML11Configuration.java:777)
	at com.sun.org.apache.xerces.internal.parsers.XMLParser.parse(XMLParser.java:141)
	at com.sun.org.apache.xerces.internal.parsers.AbstractSAXParser.parse(AbstractSAXParser.java:1213)
	at com.sun.org.apache.xerces.internal.jaxp.SAXParserImpl$JAXPSAXParser.parse(SAXParserImpl.java:643)
	at org.apache.tomcat.util.digester.Digester.parse(Digester.java:1458)
	at org.apache.catalina.startup.Catalina.load(Catalina.java:578)
	at org.apache.catalina.startup.Catalina.load(Catalina.java:629)
	at sun.reflect.NativeMethodAccessorImpl.invoke0(Native Method)
	at sun.reflect.NativeMethodAccessorImpl.invoke(NativeMethodAccessorImpl.java:62)
	at sun.reflect.DelegatingMethodAccessorImpl.invoke(DelegatingMethodAccessorImpl.java:43)
	at java.lang.reflect.Method.invoke(Method.java:498)
	at org.apache.catalina.startup.Bootstrap.load(Bootstrap.java:311)
	at org.apache.catalina.startup.Bootstrap.main(Bootstrap.java:494)

03-Mar-2020 12:22:41.131 INFO [main] org.apache.catalina.startup.VersionLoggerListener.log Server version:        Apache Tomcat/8.5.9
03-Mar-2020 12:22:41.131 INFO [main] org.apache.catalina.startup.VersionLoggerListener.log Server built:          Dec 5 2016 20:18:12 UTC
03-Mar-2020 12:22:41.131 INFO [main] org.apache.catalina.startup.VersionLoggerListener.log Server number:         8.5.9.0
03-Mar-2020 12:22:41.131 INFO [main] org.apache.catalina.startup.VersionLoggerListener.log OS Name:               Windows 10
03-Mar-2020 12:22:41.131 INFO [main] org.apache.catalina.startup.VersionLoggerListener.log OS Version:            10.0
03-Mar-2020 12:22:41.131 INFO [main] org.apache.catalina.startup.VersionLoggerListener.log Architecture:          amd64
03-Mar-2020 12:22:41.131 INFO [main] org.apache.catalina.startup.VersionLoggerListener.log Java Home:             C:\Program Files\Java\jdk1.8.0_91\jre
03-Mar-2020 12:22:41.147 INFO [main] org.apache.catalina.startup.VersionLoggerListener.log JVM Version:           1.8.0_91-b14
03-Mar-2020 12:22:41.147 INFO [main] org.apache.catalina.startup.VersionLoggerListener.log JVM Vendor:            Oracle Corporation
03-Mar-2020 12:22:41.147 INFO [main] org.apache.catalina.startup.VersionLoggerListener.log CATALINA_BASE:         E:\TSS\apache-tomcat-8.5.9-windows-x86\apache-tomcat-8.5.9
03-Mar-2020 12:22:41.147 INFO [main] org.apache.catalina.startup.VersionLoggerListener.log CATALINA_HOME:         E:\TSS\apache-tomcat-8.5.9-windows-x86\apache-tomcat-8.5.9
03-Mar-2020 12:22:41.147 INFO [main] org.apache.catalina.startup.VersionLoggerListener.log Command line argument: -Djava.util.logging.config.file=E:\TSS\apache-tomcat-8.5.9-windows-x86\apache-tomcat-8.5.9\conf\logging.properties
03-Mar-2020 12:22:41.151 INFO [main] org.apache.catalina.startup.VersionLoggerListener.log Command line argument: -Djava.util.logging.manager=org.apache.juli.ClassLoaderLogManager
03-Mar-2020 12:22:41.151 INFO [main] org.apache.catalina.startup.VersionLoggerListener.log Command line argument: -Dhttp.nonProxyHosts=localhost|127.0.0.1|LAPTOP-0RRJF7VS
03-Mar-2020 12:22:41.151 INFO [main] org.apache.catalina.startup.VersionLoggerListener.log Command line argument: -Djdk.tls.ephemeralDHKeySize=2048
03-Mar-2020 12:22:41.152 INFO [main] org.apache.catalina.startup.VersionLoggerListener.log Command line argument: -Djava.protocol.handler.pkgs=org.apache.catalina.webresources
03-Mar-2020 12:22:41.152 INFO [main] org.apache.catalina.startup.VersionLoggerListener.log Command line argument: -Dcatalina.base=E:\TSS\apache-tomcat-8.5.9-windows-x86\apache-tomcat-8.5.9
03-Mar-2020 12:22:41.152 INFO [main] org.apache.catalina.startup.VersionLoggerListener.log Command line argument: -Dcatalina.home=E:\TSS\apache-tomcat-8.5.9-windows-x86\apache-tomcat-8.5.9
03-Mar-2020 12:22:41.152 INFO [main] org.apache.catalina.startup.VersionLoggerListener.log Command line argument: -Djava.io.tmpdir=E:\TSS\apache-tomcat-8.5.9-windows-x86\apache-tomcat-8.5.9\temp
03-Mar-2020 12:22:41.328 INFO [main] org.apache.coyote.AbstractProtocol.init Initializing ProtocolHandler ["http-nio-8080"]
03-Mar-2020 12:22:41.404 INFO [main] org.apache.tomcat.util.net.NioSelectorPool.getSharedSelector Using a shared selector for servlet write/read
03-Mar-2020 12:22:41.408 INFO [main] org.apache.coyote.AbstractProtocol.init Initializing ProtocolHandler ["ajp-nio-8009"]
03-Mar-2020 12:22:41.410 INFO [main] org.apache.tomcat.util.net.NioSelectorPool.getSharedSelector Using a shared selector for servlet write/read
03-Mar-2020 12:22:41.411 INFO [main] org.apache.catalina.startup.Catalina.load Initialization processed in 588 ms
03-Mar-2020 12:22:41.440 INFO [main] org.apache.catalina.core.StandardService.startInternal Starting service Catalina
03-Mar-2020 12:22:41.440 INFO [main] org.apache.catalina.core.StandardEngine.startInternal Starting Servlet Engine: Apache Tomcat/8.5.9
03-Mar-2020 12:22:41.467 INFO [localhost-startStop-1] org.apache.catalina.startup.HostConfig.deployWAR Deploying web application archive E:\TSS\apache-tomcat-8.5.9-windows-x86\apache-tomcat-8.5.9\webapps\WebApplicationServlet.war
03-Mar-2020 12:22:41.478 WARNING [localhost-startStop-1] org.apache.catalina.startup.SetContextPropertiesRule.begin [SetContextPropertiesRule]{Context} Setting property 'antiJARLocking' to 'true' did not find a matching property.
03-Mar-2020 12:22:41.702 INFO [localhost-startStop-1] org.apache.tomcat.dbcp.dbcp2.BasicDataSourceFactory.getObjectInstance Name = bazaTestowa Ignoring unknown property: value of "DB Connection" for "description" property
03-Mar-2020 12:22:41.950 INFO [localhost-startStop-1] org.apache.catalina.util.SessionIdGeneratorBase.createSecureRandom Creation of SecureRandom instance for session ID generation using [SHA1PRNG] took [204] milliseconds.
03-Mar-2020 12:22:41.980 INFO [localhost-startStop-1] org.apache.catalina.startup.HostConfig.deployWAR Deployment of web application archive E:\TSS\apache-tomcat-8.5.9-windows-x86\apache-tomcat-8.5.9\webapps\WebApplicationServlet.war has finished in 513 ms
03-Mar-2020 12:22:41.981 INFO [localhost-startStop-1] org.apache.catalina.startup.HostConfig.deployDirectory Deploying web application directory E:\TSS\apache-tomcat-8.5.9-windows-x86\apache-tomcat-8.5.9\webapps\docs
03-Mar-2020 12:22:42.010 INFO [localhost-startStop-1] org.apache.catalina.startup.HostConfig.deployDirectory Deployment of web application directory E:\TSS\apache-tomcat-8.5.9-windows-x86\apache-tomcat-8.5.9\webapps\docs has finished in 29 ms
03-Mar-2020 12:22:42.010 INFO [localhost-startStop-1] org.apache.catalina.startup.HostConfig.deployDirectory Deploying web application directory E:\TSS\apache-tomcat-8.5.9-windows-x86\apache-tomcat-8.5.9\webapps\examples
03-Mar-2020 12:22:42.453 INFO [localhost-startStop-1] org.apache.catalina.startup.HostConfig.deployDirectory Deployment of web application directory E:\TSS\apache-tomcat-8.5.9-windows-x86\apache-tomcat-8.5.9\webapps\examples has finished in 443 ms
03-Mar-2020 12:22:42.453 INFO [localhost-startStop-1] org.apache.catalina.startup.HostConfig.deployDirectory Deploying web application directory E:\TSS\apache-tomcat-8.5.9-windows-x86\apache-tomcat-8.5.9\webapps\host-manager
03-Mar-2020 12:22:42.483 INFO [localhost-startStop-1] org.apache.catalina.startup.HostConfig.deployDirectory Deployment of web application directory E:\TSS\apache-tomcat-8.5.9-windows-x86\apache-tomcat-8.5.9\webapps\host-manager has finished in 30 ms
03-Mar-2020 12:22:42.483 INFO [localhost-startStop-1] org.apache.catalina.startup.HostConfig.deployDirectory Deploying web application directory E:\TSS\apache-tomcat-8.5.9-windows-x86\apache-tomcat-8.5.9\webapps\manager
03-Mar-2020 12:22:42.522 INFO [localhost-startStop-1] org.apache.catalina.startup.HostConfig.deployDirectory Deployment of web application directory E:\TSS\apache-tomcat-8.5.9-windows-x86\apache-tomcat-8.5.9\webapps\manager has finished in 38 ms
03-Mar-2020 12:22:42.522 INFO [localhost-startStop-1] org.apache.catalina.startup.HostConfig.deployDirectory Deploying web application directory E:\TSS\apache-tomcat-8.5.9-windows-x86\apache-tomcat-8.5.9\webapps\ROOT
03-Mar-2020 12:22:42.551 INFO [localhost-startStop-1] org.apache.catalina.startup.HostConfig.deployDirectory Deployment of web application directory E:\TSS\apache-tomcat-8.5.9-windows-x86\apache-tomcat-8.5.9\webapps\ROOT has finished in 29 ms
03-Mar-2020 12:22:42.554 INFO [main] org.apache.coyote.AbstractProtocol.start Starting ProtocolHandler [http-nio-8080]
03-Mar-2020 12:22:42.563 INFO [main] org.apache.coyote.AbstractProtocol.start Starting ProtocolHandler [ajp-nio-8009]
03-Mar-2020 12:22:42.568 INFO [main] org.apache.catalina.startup.Catalina.start Server startup in 1157 ms
03-Mar-2020 12:26:19.129 INFO [main] org.apache.catalina.core.StandardServer.await A valid shutdown command was received via the shutdown port. Stopping the Server instance.
03-Mar-2020 12:26:19.129 INFO [main] org.apache.coyote.AbstractProtocol.pause Pausing ProtocolHandler ["http-nio-8080"]
03-Mar-2020 12:26:19.315 INFO [main] org.apache.coyote.AbstractProtocol.pause Pausing ProtocolHandler ["ajp-nio-8009"]
03-Mar-2020 12:26:19.492 INFO [main] org.apache.catalina.core.StandardService.stopInternal Stopping service Catalina
03-Mar-2020 12:26:19.518 INFO [main] org.apache.coyote.AbstractProtocol.stop Stopping ProtocolHandler ["http-nio-8080"]
03-Mar-2020 12:26:19.521 INFO [main] org.apache.coyote.AbstractProtocol.stop Stopping ProtocolHandler ["ajp-nio-8009"]
03-Mar-2020 12:26:19.522 INFO [main] org.apache.coyote.AbstractProtocol.destroy Destroying ProtocolHandler ["http-nio-8080"]
03-Mar-2020 12:26:19.523 INFO [main] org.apache.coyote.AbstractProtocol.destroy Destroying ProtocolHandler ["ajp-nio-8009"]
03-Mar-2020 12:28:19.156 WARNING [main] org.apache.catalina.core.AprLifecycleListener.init The APR based Apache Tomcat Native library failed to load. The error reported was [E:\TSS\apache-tomcat-8.5.9-windows-x86\apache-tomcat-8.5.9\bin\tcnative-1.dll: Can't load IA 32-bit .dll on a AMD 64-bit platform]
 java.lang.UnsatisfiedLinkError: E:\TSS\apache-tomcat-8.5.9-windows-x86\apache-tomcat-8.5.9\bin\tcnative-1.dll: Can't load IA 32-bit .dll on a AMD 64-bit platform
	at java.lang.ClassLoader$NativeLibrary.load(Native Method)
	at java.lang.ClassLoader.loadLibrary0(ClassLoader.java:1941)
	at java.lang.ClassLoader.loadLibrary(ClassLoader.java:1857)
	at java.lang.Runtime.loadLibrary0(Runtime.java:870)
	at java.lang.System.loadLibrary(System.java:1122)
	at org.apache.tomcat.jni.Library.<init>(Library.java:42)
	at org.apache.tomcat.jni.Library.initialize(Library.java:178)
	at org.apache.catalina.core.AprLifecycleListener.init(AprLifecycleListener.java:198)
	at org.apache.catalina.core.AprLifecycleListener.isAprAvailable(AprLifecycleListener.java:107)
	at org.apache.catalina.connector.Connector.setProtocol(Connector.java:565)
	at org.apache.catalina.connector.Connector.<init>(Connector.java:70)
	at org.apache.catalina.startup.ConnectorCreateRule.begin(ConnectorCreateRule.java:64)
	at org.apache.tomcat.util.digester.Digester.startElement(Digester.java:1190)
	at com.sun.org.apache.xerces.internal.parsers.AbstractSAXParser.startElement(AbstractSAXParser.java:509)
	at com.sun.org.apache.xerces.internal.parsers.AbstractXMLDocumentParser.emptyElement(AbstractXMLDocumentParser.java:182)
	at com.sun.org.apache.xerces.internal.impl.XMLDocumentFragmentScannerImpl.scanStartElement(XMLDocumentFragmentScannerImpl.java:1344)
	at com.sun.org.apache.xerces.internal.impl.XMLDocumentFragmentScannerImpl$FragmentContentDriver.next(XMLDocumentFragmentScannerImpl.java:2787)
	at com.sun.org.apache.xerces.internal.impl.XMLDocumentScannerImpl.next(XMLDocumentScannerImpl.java:606)
	at com.sun.org.apache.xerces.internal.impl.XMLDocumentFragmentScannerImpl.scanDocument(XMLDocumentFragmentScannerImpl.java:510)
	at com.sun.org.apache.xerces.internal.parsers.XML11Configuration.parse(XML11Configuration.java:848)
	at com.sun.org.apache.xerces.internal.parsers.XML11Configuration.parse(XML11Configuration.java:777)
	at com.sun.org.apache.xerces.internal.parsers.XMLParser.parse(XMLParser.java:141)
	at com.sun.org.apache.xerces.internal.parsers.AbstractSAXParser.parse(AbstractSAXParser.java:1213)
	at com.sun.org.apache.xerces.internal.jaxp.SAXParserImpl$JAXPSAXParser.parse(SAXParserImpl.java:643)
	at org.apache.tomcat.util.digester.Digester.parse(Digester.java:1458)
	at org.apache.catalina.startup.Catalina.load(Catalina.java:578)
	at org.apache.catalina.startup.Catalina.load(Catalina.java:629)
	at sun.reflect.NativeMethodAccessorImpl.invoke0(Native Method)
	at sun.reflect.NativeMethodAccessorImpl.invoke(NativeMethodAccessorImpl.java:62)
	at sun.reflect.DelegatingMethodAccessorImpl.invoke(DelegatingMethodAccessorImpl.java:43)
	at java.lang.reflect.Method.invoke(Method.java:498)
	at org.apache.catalina.startup.Bootstrap.load(Bootstrap.java:311)
	at org.apache.catalina.startup.Bootstrap.main(Bootstrap.java:494)

03-Mar-2020 12:28:19.296 INFO [main] org.apache.catalina.startup.VersionLoggerListener.log Server version:        Apache Tomcat/8.5.9
03-Mar-2020 12:28:19.296 INFO [main] org.apache.catalina.startup.VersionLoggerListener.log Server built:          Dec 5 2016 20:18:12 UTC
03-Mar-2020 12:28:19.296 INFO [main] org.apache.catalina.startup.VersionLoggerListener.log Server number:         8.5.9.0
03-Mar-2020 12:28:19.297 INFO [main] org.apache.catalina.startup.VersionLoggerListener.log OS Name:               Windows 10
03-Mar-2020 12:28:19.297 INFO [main] org.apache.catalina.startup.VersionLoggerListener.log OS Version:            10.0
03-Mar-2020 12:28:19.297 INFO [main] org.apache.catalina.startup.VersionLoggerListener.log Architecture:          amd64
03-Mar-2020 12:28:19.297 INFO [main] org.apache.catalina.startup.VersionLoggerListener.log Java Home:             C:\Program Files\Java\jdk1.8.0_91\jre
03-Mar-2020 12:28:19.297 INFO [main] org.apache.catalina.startup.VersionLoggerListener.log JVM Version:           1.8.0_91-b14
03-Mar-2020 12:28:19.298 INFO [main] org.apache.catalina.startup.VersionLoggerListener.log JVM Vendor:            Oracle Corporation
03-Mar-2020 12:28:19.304 INFO [main] org.apache.catalina.startup.VersionLoggerListener.log CATALINA_BASE:         E:\TSS\apache-tomcat-8.5.9-windows-x86\apache-tomcat-8.5.9
03-Mar-2020 12:28:19.304 INFO [main] org.apache.catalina.startup.VersionLoggerListener.log CATALINA_HOME:         E:\TSS\apache-tomcat-8.5.9-windows-x86\apache-tomcat-8.5.9
03-Mar-2020 12:28:19.304 INFO [main] org.apache.catalina.startup.VersionLoggerListener.log Command line argument: -Djava.util.logging.config.file=E:\TSS\apache-tomcat-8.5.9-windows-x86\apache-tomcat-8.5.9\conf\logging.properties
03-Mar-2020 12:28:19.305 INFO [main] org.apache.catalina.startup.VersionLoggerListener.log Command line argument: -Djava.util.logging.manager=org.apache.juli.ClassLoaderLogManager
03-Mar-2020 12:28:19.305 INFO [main] org.apache.catalina.startup.VersionLoggerListener.log Command line argument: -Dhttp.nonProxyHosts=localhost|127.0.0.1|LAPTOP-0RRJF7VS
03-Mar-2020 12:28:19.305 INFO [main] org.apache.catalina.startup.VersionLoggerListener.log Command line argument: -Djdk.tls.ephemeralDHKeySize=2048
03-Mar-2020 12:28:19.305 INFO [main] org.apache.catalina.startup.VersionLoggerListener.log Command line argument: -Djava.protocol.handler.pkgs=org.apache.catalina.webresources
03-Mar-2020 12:28:19.305 INFO [main] org.apache.catalina.startup.VersionLoggerListener.log Command line argument: -Dcatalina.base=E:\TSS\apache-tomcat-8.5.9-windows-x86\apache-tomcat-8.5.9
03-Mar-2020 12:28:19.305 INFO [main] org.apache.catalina.startup.VersionLoggerListener.log Command line argument: -Dcatalina.home=E:\TSS\apache-tomcat-8.5.9-windows-x86\apache-tomcat-8.5.9
03-Mar-2020 12:28:19.305 INFO [main] org.apache.catalina.startup.VersionLoggerListener.log Command line argument: -Djava.io.tmpdir=E:\TSS\apache-tomcat-8.5.9-windows-x86\apache-tomcat-8.5.9\temp
03-Mar-2020 12:28:19.517 INFO [main] org.apache.coyote.AbstractProtocol.init Initializing ProtocolHandler ["http-nio-8080"]
03-Mar-2020 12:28:19.631 INFO [main] org.apache.tomcat.util.net.NioSelectorPool.getSharedSelector Using a shared selector for servlet write/read
03-Mar-2020 12:28:19.635 INFO [main] org.apache.coyote.AbstractProtocol.init Initializing ProtocolHandler ["ajp-nio-8009"]
03-Mar-2020 12:28:19.638 INFO [main] org.apache.tomcat.util.net.NioSelectorPool.getSharedSelector Using a shared selector for servlet write/read
03-Mar-2020 12:28:19.639 INFO [main] org.apache.catalina.startup.Catalina.load Initialization processed in 868 ms
03-Mar-2020 12:28:19.703 INFO [main] org.apache.catalina.core.StandardService.startInternal Starting service Catalina
03-Mar-2020 12:28:19.704 INFO [main] org.apache.catalina.core.StandardEngine.startInternal Starting Servlet Engine: Apache Tomcat/8.5.9
03-Mar-2020 12:28:19.788 INFO [localhost-startStop-1] org.apache.catalina.startup.HostConfig.deployWAR Deploying web application archive E:\TSS\apache-tomcat-8.5.9-windows-x86\apache-tomcat-8.5.9\webapps\WebApplicationServlet.war
03-Mar-2020 12:28:19.817 WARNING [localhost-startStop-1] org.apache.catalina.startup.SetContextPropertiesRule.begin [SetContextPropertiesRule]{Context} Setting property 'antiJARLocking' to 'true' did not find a matching property.
03-Mar-2020 12:28:20.287 INFO [localhost-startStop-1] org.apache.tomcat.dbcp.dbcp2.BasicDataSourceFactory.getObjectInstance Name = bazaTestowa Ignoring unknown property: value of "DB Connection" for "description" property
03-Mar-2020 12:28:20.680 INFO [localhost-startStop-1] org.apache.catalina.util.SessionIdGeneratorBase.createSecureRandom Creation of SecureRandom instance for session ID generation using [SHA1PRNG] took [277] milliseconds.
03-Mar-2020 12:28:20.726 INFO [localhost-startStop-1] org.apache.catalina.startup.HostConfig.deployWAR Deployment of web application archive E:\TSS\apache-tomcat-8.5.9-windows-x86\apache-tomcat-8.5.9\webapps\WebApplicationServlet.war has finished in 938 ms
03-Mar-2020 12:28:20.727 INFO [localhost-startStop-1] org.apache.catalina.startup.HostConfig.deployDirectory Deploying web application directory E:\TSS\apache-tomcat-8.5.9-windows-x86\apache-tomcat-8.5.9\webapps\docs
03-Mar-2020 12:28:20.771 INFO [localhost-startStop-1] org.apache.catalina.startup.HostConfig.deployDirectory Deployment of web application directory E:\TSS\apache-tomcat-8.5.9-windows-x86\apache-tomcat-8.5.9\webapps\docs has finished in 44 ms
03-Mar-2020 12:28:20.772 INFO [localhost-startStop-1] org.apache.catalina.startup.HostConfig.deployDirectory Deploying web application directory E:\TSS\apache-tomcat-8.5.9-windows-x86\apache-tomcat-8.5.9\webapps\examples
03-Mar-2020 12:28:21.252 INFO [localhost-startStop-1] org.apache.catalina.startup.HostConfig.deployDirectory Deployment of web application directory E:\TSS\apache-tomcat-8.5.9-windows-x86\apache-tomcat-8.5.9\webapps\examples has finished in 480 ms
03-Mar-2020 12:28:21.253 INFO [localhost-startStop-1] org.apache.catalina.startup.HostConfig.deployDirectory Deploying web application directory E:\TSS\apache-tomcat-8.5.9-windows-x86\apache-tomcat-8.5.9\webapps\host-manager
03-Mar-2020 12:28:21.285 INFO [localhost-startStop-1] org.apache.catalina.startup.HostConfig.deployDirectory Deployment of web application directory E:\TSS\apache-tomcat-8.5.9-windows-x86\apache-tomcat-8.5.9\webapps\host-manager has finished in 32 ms
03-Mar-2020 12:28:21.285 INFO [localhost-startStop-1] org.apache.catalina.startup.HostConfig.deployDirectory Deploying web application directory E:\TSS\apache-tomcat-8.5.9-windows-x86\apache-tomcat-8.5.9\webapps\manager
03-Mar-2020 12:28:21.336 INFO [localhost-startStop-1] org.apache.catalina.startup.HostConfig.deployDirectory Deployment of web application directory E:\TSS\apache-tomcat-8.5.9-windows-x86\apache-tomcat-8.5.9\webapps\manager has finished in 51 ms
03-Mar-2020 12:28:21.336 INFO [localhost-startStop-1] org.apache.catalina.startup.HostConfig.deployDirectory Deploying web application directory E:\TSS\apache-tomcat-8.5.9-windows-x86\apache-tomcat-8.5.9\webapps\ROOT
03-Mar-2020 12:28:21.373 INFO [localhost-startStop-1] org.apache.catalina.startup.HostConfig.deployDirectory Deployment of web application directory E:\TSS\apache-tomcat-8.5.9-windows-x86\apache-tomcat-8.5.9\webapps\ROOT has finished in 37 ms
03-Mar-2020 12:28:21.377 INFO [main] org.apache.coyote.AbstractProtocol.start Starting ProtocolHandler [http-nio-8080]
03-Mar-2020 12:28:21.387 INFO [main] org.apache.coyote.AbstractProtocol.start Starting ProtocolHandler [ajp-nio-8009]
03-Mar-2020 12:28:21.392 INFO [main] org.apache.catalina.startup.Catalina.start Server startup in 1752 ms
03-Mar-2020 13:29:54.745 INFO [main] org.apache.catalina.core.StandardServer.await A valid shutdown command was received via the shutdown port. Stopping the Server instance.
03-Mar-2020 13:29:54.746 INFO [main] org.apache.coyote.AbstractProtocol.pause Pausing ProtocolHandler ["http-nio-8080"]
03-Mar-2020 13:29:54.945 INFO [main] org.apache.coyote.AbstractProtocol.pause Pausing ProtocolHandler ["ajp-nio-8009"]
03-Mar-2020 13:29:55.119 INFO [main] org.apache.catalina.core.StandardService.stopInternal Stopping service Catalina
03-Mar-2020 13:29:55.142 INFO [main] org.apache.coyote.AbstractProtocol.stop Stopping ProtocolHandler ["http-nio-8080"]
03-Mar-2020 13:29:55.145 INFO [main] org.apache.coyote.AbstractProtocol.stop Stopping ProtocolHandler ["ajp-nio-8009"]
03-Mar-2020 13:29:55.146 INFO [main] org.apache.coyote.AbstractProtocol.destroy Destroying ProtocolHandler ["http-nio-8080"]
03-Mar-2020 13:29:55.147 INFO [main] org.apache.coyote.AbstractProtocol.destroy Destroying ProtocolHandler ["ajp-nio-8009"]
