19-Jun-2020 07:42:55.932 INFO [http-nio-8080-exec-9] org.apache.catalina.core.ApplicationContext.log Manager: init: Associated with Deployer 'Catalina:type=Deployer,host=localhost'
19-Jun-2020 07:42:55.932 INFO [http-nio-8080-exec-9] org.apache.catalina.core.ApplicationContext.log Manager: init: Global resources are available
19-Jun-2020 07:42:55.939 INFO [http-nio-8080-exec-9] org.apache.catalina.core.ApplicationContext.log Manager: list: Listing contexts for virtual host 'localhost'
19-Jun-2020 07:42:56.052 INFO [http-nio-8080-exec-10] org.apache.catalina.core.ApplicationContext.log Manager: list: Listing contexts for virtual host 'localhost'
19-Jun-2020 07:42:56.183 INFO [http-nio-8080-exec-3] org.apache.catalina.core.ApplicationContext.log Manager: restart: Reloading web application '/WebApplicationFT'
19-Jun-2020 07:45:30.841 INFO [http-nio-8080-exec-15] org.apache.catalina.core.ApplicationContext.log Manager: list: Listing contexts for virtual host 'localhost'
19-Jun-2020 07:46:33.183 INFO [http-nio-8080-exec-18] org.apache.catalina.core.ApplicationContext.log Manager: list: Listing contexts for virtual host 'localhost'
19-Jun-2020 07:46:37.280 INFO [http-nio-8080-exec-13] org.apache.catalina.core.ApplicationContext.log Manager: list: Listing contexts for virtual host 'localhost'
19-Jun-2020 07:46:37.398 INFO [http-nio-8080-exec-19] org.apache.catalina.core.ApplicationContext.log Manager: list: Listing contexts for virtual host 'localhost'
19-Jun-2020 07:46:37.556 INFO [http-nio-8080-exec-20] org.apache.catalina.core.ApplicationContext.log Manager: restart: Reloading web application '/WebApplicationFT'
19-Jun-2020 07:59:29.648 INFO [http-nio-8080-exec-26] org.apache.catalina.core.ApplicationContext.log Manager: list: Listing contexts for virtual host 'localhost'
19-Jun-2020 07:59:29.750 INFO [http-nio-8080-exec-27] org.apache.catalina.core.ApplicationContext.log Manager: list: Listing contexts for virtual host 'localhost'
19-Jun-2020 08:02:32.887 INFO [http-nio-8080-exec-29] org.apache.catalina.core.ApplicationContext.log Manager: list: Listing contexts for virtual host 'localhost'
19-Jun-2020 08:02:33.012 INFO [http-nio-8080-exec-30] org.apache.catalina.core.ApplicationContext.log Manager: restart: Reloading web application '/WebApplicationFT'
19-Jun-2020 08:02:35.608 INFO [http-nio-8080-exec-29] org.apache.catalina.core.ApplicationContext.log Manager: list: Listing contexts for virtual host 'localhost'
19-Jun-2020 08:02:35.712 INFO [http-nio-8080-exec-25] org.apache.catalina.core.ApplicationContext.log Manager: list: Listing contexts for virtual host 'localhost'
19-Jun-2020 08:02:35.864 INFO [http-nio-8080-exec-31] org.apache.catalina.core.ApplicationContext.log Manager: restart: Reloading web application '/WebApplicationFT'
19-Jun-2020 08:04:29.157 INFO [http-nio-8080-exec-30] org.apache.catalina.core.ApplicationContext.log Manager: list: Listing contexts for virtual host 'localhost'
19-Jun-2020 08:04:29.279 INFO [http-nio-8080-exec-27] org.apache.catalina.core.ApplicationContext.log Manager: restart: Reloading web application '/WebApplicationFT'
19-Jun-2020 08:04:30.642 INFO [http-nio-8080-exec-35] org.apache.catalina.core.ApplicationContext.log Manager: list: Listing contexts for virtual host 'localhost'
19-Jun-2020 08:04:30.750 INFO [http-nio-8080-exec-25] org.apache.catalina.core.ApplicationContext.log Manager: list: Listing contexts for virtual host 'localhost'
19-Jun-2020 08:04:31.523 INFO [http-nio-8080-exec-26] org.apache.catalina.core.ApplicationContext.log Manager: restart: Reloading web application '/WebApplicationFT'
19-Jun-2020 08:05:02.761 INFO [http-nio-8080-exec-35] org.apache.catalina.core.ApplicationContext.log Manager: list: Listing contexts for virtual host 'localhost'
19-Jun-2020 08:05:02.884 INFO [http-nio-8080-exec-34] org.apache.catalina.core.ApplicationContext.log Manager: undeploy: Undeploying web application at '/WebApplicationFT'
19-Jun-2020 08:05:16.219 INFO [http-nio-8080-exec-35] org.apache.catalina.core.ApplicationContext.log Manager: list: Listing contexts for virtual host 'localhost'
19-Jun-2020 08:05:16.338 INFO [http-nio-8080-exec-33] org.apache.catalina.core.ApplicationContext.log Manager: list: Listing contexts for virtual host 'localhost'
19-Jun-2020 08:05:16.498 INFO [http-nio-8080-exec-40] org.apache.catalina.core.ApplicationContext.log Manager: install: Installing context configuration at 'file:/C:/Users/fabix/AppData/Local/Temp/context6853414968869741631.xml'
19-Jun-2020 08:05:18.716 INFO [http-nio-8080-exec-39] org.apache.catalina.core.ApplicationContext.log Manager: start: Starting web application '/WebApplicationFT'
19-Jun-2020 08:05:54.697 INFO [http-nio-8080-exec-22] org.apache.catalina.core.ApplicationContext.log Manager: list: Listing contexts for virtual host 'localhost'
19-Jun-2020 08:05:54.813 INFO [http-nio-8080-exec-35] org.apache.catalina.core.ApplicationContext.log Manager: restart: Reloading web application '/WebApplicationFT'
19-Jun-2020 08:06:06.997 INFO [http-nio-8080-exec-42] org.apache.catalina.core.ApplicationContext.log Manager: list: Listing contexts for virtual host 'localhost'
19-Jun-2020 08:06:07.108 INFO [http-nio-8080-exec-43] org.apache.catalina.core.ApplicationContext.log Manager: restart: Reloading web application '/WebApplicationFT'
19-Jun-2020 08:23:08.060 INFO [http-nio-8080-exec-52] org.apache.catalina.core.ApplicationContext.log Manager: list: Listing contexts for virtual host 'localhost'
19-Jun-2020 08:23:08.172 INFO [http-nio-8080-exec-53] org.apache.catalina.core.ApplicationContext.log Manager: restart: Reloading web application '/WebApplicationFT'
19-Jun-2020 08:23:09.817 INFO [http-nio-8080-exec-49] org.apache.catalina.core.ApplicationContext.log Manager: list: Listing contexts for virtual host 'localhost'
19-Jun-2020 08:23:09.923 INFO [http-nio-8080-exec-55] org.apache.catalina.core.ApplicationContext.log Manager: list: Listing contexts for virtual host 'localhost'
19-Jun-2020 08:23:10.356 INFO [http-nio-8080-exec-52] org.apache.catalina.core.ApplicationContext.log Manager: restart: Reloading web application '/WebApplicationFT'
19-Jun-2020 08:23:35.613 INFO [http-nio-8080-exec-57] org.apache.catalina.core.ApplicationContext.log Manager: list: Listing contexts for virtual host 'localhost'
19-Jun-2020 08:23:35.750 INFO [http-nio-8080-exec-58] org.apache.catalina.core.ApplicationContext.log Manager: restart: Reloading web application '/WebApplicationFT'
19-Jun-2020 08:24:04.173 INFO [http-nio-8080-exec-59] org.apache.catalina.core.ApplicationContext.log Manager: list: Listing contexts for virtual host 'localhost'
19-Jun-2020 08:24:04.280 INFO [http-nio-8080-exec-62] org.apache.catalina.core.ApplicationContext.log Manager: restart: Reloading web application '/WebApplicationFT'
19-Jun-2020 08:29:40.579 INFO [http-nio-8080-exec-69] org.apache.catalina.core.ApplicationContext.log Manager: list: Listing contexts for virtual host 'localhost'
19-Jun-2020 08:29:41.878 INFO [http-nio-8080-exec-66] org.apache.catalina.core.ApplicationContext.log Manager: list: Listing contexts for virtual host 'localhost'
19-Jun-2020 08:29:41.993 INFO [http-nio-8080-exec-67] org.apache.catalina.core.ApplicationContext.log Manager: list: Listing contexts for virtual host 'localhost'
19-Jun-2020 08:29:42.154 INFO [http-nio-8080-exec-68] org.apache.catalina.core.ApplicationContext.log Manager: restart: Reloading web application '/WebApplicationFT'
19-Jun-2020 08:29:58.743 INFO [http-nio-8080-exec-74] org.apache.catalina.core.ApplicationContext.log Manager: list: Listing contexts for virtual host 'localhost'
19-Jun-2020 08:29:58.854 INFO [http-nio-8080-exec-70] org.apache.catalina.core.ApplicationContext.log Manager: restart: Reloading web application '/WebApplicationFT'
19-Jun-2020 08:31:38.370 INFO [http-nio-8080-exec-73] org.apache.catalina.core.ApplicationContext.log Manager: list: Listing contexts for virtual host 'localhost'
19-Jun-2020 08:31:48.027 INFO [http-nio-8080-exec-80] org.apache.catalina.core.ApplicationContext.log Manager: list: Listing contexts for virtual host 'localhost'
19-Jun-2020 08:31:48.142 INFO [http-nio-8080-exec-83] org.apache.catalina.core.ApplicationContext.log Manager: list: Listing contexts for virtual host 'localhost'
19-Jun-2020 08:31:48.267 INFO [http-nio-8080-exec-72] org.apache.catalina.core.ApplicationContext.log Manager: restart: Reloading web application '/WebApplicationFT'
19-Jun-2020 08:32:08.542 INFO [http-nio-8080-exec-69] org.apache.catalina.core.ApplicationContext.log Manager: list: Listing contexts for virtual host 'localhost'
19-Jun-2020 08:32:14.559 INFO [http-nio-8080-exec-81] org.apache.catalina.core.ApplicationContext.log Manager: list: Listing contexts for virtual host 'localhost'
19-Jun-2020 08:32:14.664 INFO [http-nio-8080-exec-79] org.apache.catalina.core.ApplicationContext.log Manager: list: Listing contexts for virtual host 'localhost'
19-Jun-2020 08:32:52.376 INFO [http-nio-8080-exec-79] org.apache.catalina.core.ApplicationContext.log Manager: list: Listing contexts for virtual host 'localhost'
19-Jun-2020 08:32:52.506 INFO [http-nio-8080-exec-91] org.apache.catalina.core.ApplicationContext.log Manager: list: Listing contexts for virtual host 'localhost'
19-Jun-2020 08:33:17.320 INFO [http-nio-8080-exec-89] org.apache.catalina.core.ApplicationContext.log Manager: list: Listing contexts for virtual host 'localhost'
19-Jun-2020 08:33:18.520 INFO [http-nio-8080-exec-86] org.apache.catalina.core.ApplicationContext.log Manager: list: Listing contexts for virtual host 'localhost'
19-Jun-2020 08:33:18.640 INFO [http-nio-8080-exec-87] org.apache.catalina.core.ApplicationContext.log Manager: list: Listing contexts for virtual host 'localhost'
19-Jun-2020 08:37:03.474 INFO [http-nio-8080-exec-95] org.apache.catalina.core.ApplicationContext.log Manager: list: Listing contexts for virtual host 'localhost'
19-Jun-2020 08:37:19.021 INFO [http-nio-8080-exec-89] org.apache.catalina.core.ApplicationContext.log Manager: list: Listing contexts for virtual host 'localhost'
19-Jun-2020 08:45:25.223 INFO [http-nio-8080-exec-88] org.apache.catalina.core.ApplicationContext.log Manager: list: Listing contexts for virtual host 'localhost'
19-Jun-2020 08:45:50.263 INFO [http-nio-8080-exec-91] org.apache.catalina.core.ApplicationContext.log Manager: list: Listing contexts for virtual host 'localhost'
19-Jun-2020 08:46:52.743 INFO [http-nio-8080-exec-93] org.apache.catalina.core.ApplicationContext.log Manager: list: Listing contexts for virtual host 'localhost'
19-Jun-2020 08:46:52.849 INFO [http-nio-8080-exec-89] org.apache.catalina.core.ApplicationContext.log Manager: restart: Reloading web application '/WebApplicationFT'
19-Jun-2020 08:46:54.473 INFO [http-nio-8080-exec-95] org.apache.catalina.core.ApplicationContext.log Manager: list: Listing contexts for virtual host 'localhost'
19-Jun-2020 08:46:54.570 INFO [http-nio-8080-exec-86] org.apache.catalina.core.ApplicationContext.log Manager: list: Listing contexts for virtual host 'localhost'
19-Jun-2020 08:46:55.080 INFO [http-nio-8080-exec-91] org.apache.catalina.core.ApplicationContext.log Manager: restart: Reloading web application '/WebApplicationFT'
19-Jun-2020 08:48:37.561 INFO [http-nio-8080-exec-100] org.apache.catalina.core.ApplicationContext.log Manager: list: Listing contexts for virtual host 'localhost'
19-Jun-2020 08:48:37.678 INFO [http-nio-8080-exec-101] org.apache.catalina.core.ApplicationContext.log Manager: restart: Reloading web application '/WebApplicationFT'
19-Jun-2020 08:48:38.885 INFO [http-nio-8080-exec-100] org.apache.catalina.core.ApplicationContext.log Manager: list: Listing contexts for virtual host 'localhost'
19-Jun-2020 08:48:38.988 INFO [http-nio-8080-exec-92] org.apache.catalina.core.ApplicationContext.log Manager: list: Listing contexts for virtual host 'localhost'
19-Jun-2020 08:48:39.869 INFO [http-nio-8080-exec-97] org.apache.catalina.core.ApplicationContext.log Manager: restart: Reloading web application '/WebApplicationFT'
19-Jun-2020 08:49:38.596 INFO [http-nio-8080-exec-93] org.apache.catalina.core.ApplicationContext.log Manager: list: Listing contexts for virtual host 'localhost'
19-Jun-2020 08:52:05.635 INFO [http-nio-8080-exec-109] org.apache.catalina.core.ApplicationContext.log Manager: list: Listing contexts for virtual host 'localhost'
19-Jun-2020 08:53:00.747 INFO [http-nio-8080-exec-112] org.apache.catalina.core.ApplicationContext.log Manager: list: Listing contexts for virtual host 'localhost'
19-Jun-2020 08:53:28.825 INFO [http-nio-8080-exec-107] org.apache.catalina.core.ApplicationContext.log Manager: list: Listing contexts for virtual host 'localhost'
19-Jun-2020 08:53:28.933 INFO [http-nio-8080-exec-108] org.apache.catalina.core.ApplicationContext.log Manager: restart: Reloading web application '/WebApplicationFT'
19-Jun-2020 08:53:30.123 INFO [http-nio-8080-exec-114] org.apache.catalina.core.ApplicationContext.log Manager: list: Listing contexts for virtual host 'localhost'
19-Jun-2020 08:53:30.226 INFO [http-nio-8080-exec-107] org.apache.catalina.core.ApplicationContext.log Manager: list: Listing contexts for virtual host 'localhost'
19-Jun-2020 08:53:31.223 INFO [http-nio-8080-exec-110] org.apache.catalina.core.ApplicationContext.log Manager: restart: Reloading web application '/WebApplicationFT'
19-Jun-2020 08:54:12.974 INFO [http-nio-8080-exec-117] org.apache.catalina.core.ApplicationContext.log Manager: list: Listing contexts for virtual host 'localhost'
19-Jun-2020 08:54:14.683 INFO [http-nio-8080-exec-118] org.apache.catalina.core.ApplicationContext.log Manager: list: Listing contexts for virtual host 'localhost'
19-Jun-2020 08:54:14.802 INFO [http-nio-8080-exec-122] org.apache.catalina.core.ApplicationContext.log Manager: list: Listing contexts for virtual host 'localhost'
19-Jun-2020 08:54:47.222 INFO [http-nio-8080-exec-119] org.apache.catalina.core.ApplicationContext.log Manager: list: Listing contexts for virtual host 'localhost'
19-Jun-2020 08:56:39.846 INFO [http-nio-8080-exec-122] org.apache.catalina.core.ApplicationContext.log Manager: list: Listing contexts for virtual host 'localhost'
19-Jun-2020 08:56:42.546 INFO [http-nio-8080-exec-126] org.apache.catalina.core.ApplicationContext.log Manager: list: Listing contexts for virtual host 'localhost'
19-Jun-2020 08:56:42.656 INFO [http-nio-8080-exec-125] org.apache.catalina.core.ApplicationContext.log Manager: list: Listing contexts for virtual host 'localhost'
19-Jun-2020 08:57:52.314 INFO [http-nio-8080-exec-121] org.apache.catalina.core.ApplicationContext.log Manager: list: Listing contexts for virtual host 'localhost'
19-Jun-2020 08:59:16.283 INFO [http-nio-8080-exec-126] org.apache.catalina.core.ApplicationContext.log Manager: list: Listing contexts for virtual host 'localhost'
19-Jun-2020 09:00:13.389 INFO [http-nio-8080-exec-118] org.apache.catalina.core.ApplicationContext.log Manager: list: Listing contexts for virtual host 'localhost'
19-Jun-2020 09:01:03.797 INFO [http-nio-8080-exec-127] org.apache.catalina.core.ApplicationContext.log Manager: list: Listing contexts for virtual host 'localhost'
19-Jun-2020 09:01:47.562 INFO [http-nio-8080-exec-121] org.apache.catalina.core.ApplicationContext.log Manager: list: Listing contexts for virtual host 'localhost'
19-Jun-2020 09:02:28.741 INFO [http-nio-8080-exec-125] org.apache.catalina.core.ApplicationContext.log Manager: list: Listing contexts for virtual host 'localhost'
19-Jun-2020 09:02:28.856 INFO [http-nio-8080-exec-127] org.apache.catalina.core.ApplicationContext.log Manager: restart: Reloading web application '/WebApplicationFT'
19-Jun-2020 09:03:53.407 INFO [http-nio-8080-exec-132] org.apache.catalina.core.ApplicationContext.log Manager: list: Listing contexts for virtual host 'localhost'
19-Jun-2020 09:04:02.150 INFO [http-nio-8080-exec-133] org.apache.catalina.core.ApplicationContext.log Manager: list: Listing contexts for virtual host 'localhost'
19-Jun-2020 09:04:46.379 INFO [http-nio-8080-exec-130] org.apache.catalina.core.ApplicationContext.log Manager: list: Listing contexts for virtual host 'localhost'
19-Jun-2020 09:04:55.023 INFO [http-nio-8080-exec-133] org.apache.catalina.core.ApplicationContext.log Manager: list: Listing contexts for virtual host 'localhost'
19-Jun-2020 09:07:52.898 INFO [http-nio-8080-exec-131] org.apache.catalina.core.ApplicationContext.log Manager: list: Listing contexts for virtual host 'localhost'
19-Jun-2020 09:07:53.022 INFO [http-nio-8080-exec-134] org.apache.catalina.core.ApplicationContext.log Manager: restart: Reloading web application '/WebApplicationFT'
19-Jun-2020 09:10:46.337 INFO [http-nio-8080-exec-128] org.apache.catalina.core.ApplicationContext.log Manager: list: Listing contexts for virtual host 'localhost'
19-Jun-2020 09:10:46.465 INFO [http-nio-8080-exec-129] org.apache.catalina.core.ApplicationContext.log Manager: restart: Reloading web application '/WebApplicationFT'
19-Jun-2020 09:17:51.695 INFO [http-nio-8080-exec-151] org.apache.catalina.core.ApplicationContext.log Manager: list: Listing contexts for virtual host 'localhost'
19-Jun-2020 09:17:51.825 INFO [http-nio-8080-exec-152] org.apache.catalina.core.ApplicationContext.log Manager: restart: Reloading web application '/WebApplicationFT'
19-Jun-2020 09:23:25.801 INFO [http-nio-8080-exec-160] org.apache.catalina.core.ApplicationContext.log Manager: list: Listing contexts for virtual host 'localhost'
19-Jun-2020 09:24:05.914 INFO [http-nio-8080-exec-157] org.apache.catalina.core.ApplicationContext.log Manager: list: Listing contexts for virtual host 'localhost'
19-Jun-2020 09:24:55.542 INFO [http-nio-8080-exec-162] org.apache.catalina.core.ApplicationContext.log Manager: list: Listing contexts for virtual host 'localhost'
19-Jun-2020 09:25:27.075 INFO [http-nio-8080-exec-157] org.apache.catalina.core.ApplicationContext.log Manager: list: Listing contexts for virtual host 'localhost'
19-Jun-2020 09:25:31.323 INFO [http-nio-8080-exec-159] org.apache.catalina.core.ApplicationContext.log Manager: list: Listing contexts for virtual host 'localhost'
19-Jun-2020 09:25:53.178 INFO [http-nio-8080-exec-156] org.apache.catalina.core.ApplicationContext.log Manager: list: Listing contexts for virtual host 'localhost'
19-Jun-2020 09:25:58.438 INFO [http-nio-8080-exec-161] org.apache.catalina.core.ApplicationContext.log Manager: list: Listing contexts for virtual host 'localhost'
