18-Jun-2020 08:02:52.106 INFO [http-nio-8080-exec-8] org.apache.catalina.core.ApplicationContext.log Manager: init: Associated with Deployer 'Catalina:type=Deployer,host=localhost'
18-Jun-2020 08:02:52.107 INFO [http-nio-8080-exec-8] org.apache.catalina.core.ApplicationContext.log Manager: init: Global resources are available
18-Jun-2020 08:02:52.127 INFO [http-nio-8080-exec-8] org.apache.catalina.core.ApplicationContext.log Manager: list: Listing contexts for virtual host 'localhost'
18-Jun-2020 08:02:52.263 INFO [http-nio-8080-exec-9] org.apache.catalina.core.ApplicationContext.log Manager: list: Listing contexts for virtual host 'localhost'
18-Jun-2020 08:02:52.464 INFO [http-nio-8080-exec-10] org.apache.catalina.core.ApplicationContext.log Manager: restart: Reloading web application '/WebApplicationFT'
18-Jun-2020 08:35:49.732 INFO [http-nio-8080-exec-16] org.apache.catalina.core.ApplicationContext.log Manager: list: Listing contexts for virtual host 'localhost'
18-Jun-2020 08:35:49.838 INFO [http-nio-8080-exec-12] org.apache.catalina.core.ApplicationContext.log Manager: restart: Reloading web application '/WebApplicationFT'
18-Jun-2020 08:35:52.231 INFO [http-nio-8080-exec-19] org.apache.catalina.core.ApplicationContext.log Manager: list: Listing contexts for virtual host 'localhost'
18-Jun-2020 08:35:52.347 INFO [http-nio-8080-exec-18] org.apache.catalina.core.ApplicationContext.log Manager: restart: Reloading web application '/WebApplicationFT'
18-Jun-2020 08:36:35.684 INFO [http-nio-8080-exec-17] org.apache.catalina.core.ApplicationContext.log Manager: list: Listing contexts for virtual host 'localhost'
18-Jun-2020 08:36:35.806 INFO [http-nio-8080-exec-23] org.apache.catalina.core.ApplicationContext.log Manager: restart: Reloading web application '/WebApplicationFT'
18-Jun-2020 08:41:13.532 INFO [http-nio-8080-exec-30] org.apache.catalina.core.ApplicationContext.log Manager: list: Listing contexts for virtual host 'localhost'
18-Jun-2020 08:41:13.640 INFO [http-nio-8080-exec-31] org.apache.catalina.core.ApplicationContext.log Manager: restart: Reloading web application '/WebApplicationFT'
18-Jun-2020 08:42:08.827 INFO [http-nio-8080-exec-32] org.apache.catalina.core.ApplicationContext.log Manager: list: Listing contexts for virtual host 'localhost'
18-Jun-2020 08:42:08.943 INFO [http-nio-8080-exec-29] org.apache.catalina.core.ApplicationContext.log Manager: restart: Reloading web application '/WebApplicationFT'
18-Jun-2020 08:45:09.756 INFO [http-nio-8080-exec-45] org.apache.catalina.core.ApplicationContext.log Manager: list: Listing contexts for virtual host 'localhost'
18-Jun-2020 08:45:09.863 INFO [http-nio-8080-exec-46] org.apache.catalina.core.ApplicationContext.log Manager: restart: Reloading web application '/WebApplicationFT'
18-Jun-2020 08:54:58.013 INFO [http-nio-8080-exec-54] org.apache.catalina.core.ApplicationContext.log Manager: list: Listing contexts for virtual host 'localhost'
18-Jun-2020 08:54:58.150 INFO [http-nio-8080-exec-55] org.apache.catalina.core.ApplicationContext.log Manager: restart: Reloading web application '/WebApplicationFT'
18-Jun-2020 09:12:23.790 INFO [http-nio-8080-exec-64] org.apache.catalina.core.ApplicationContext.log Manager: list: Listing contexts for virtual host 'localhost'
18-Jun-2020 09:12:23.918 INFO [http-nio-8080-exec-65] org.apache.catalina.core.ApplicationContext.log Manager: restart: Reloading web application '/WebApplicationFT'
18-Jun-2020 09:33:16.379 INFO [http-nio-8080-exec-75] org.apache.catalina.core.ApplicationContext.log Manager: list: Listing contexts for virtual host 'localhost'
18-Jun-2020 09:33:22.304 INFO [http-nio-8080-exec-72] org.apache.catalina.core.ApplicationContext.log Manager: list: Listing contexts for virtual host 'localhost'
18-Jun-2020 09:33:22.406 INFO [http-nio-8080-exec-73] org.apache.catalina.core.ApplicationContext.log Manager: list: Listing contexts for virtual host 'localhost'
18-Jun-2020 09:33:22.554 INFO [http-nio-8080-exec-74] org.apache.catalina.core.ApplicationContext.log Manager: restart: Reloading web application '/WebApplicationFT'
18-Jun-2020 09:33:56.136 INFO [http-nio-8080-exec-76] org.apache.catalina.core.ApplicationContext.log Manager: list: Listing contexts for virtual host 'localhost'
18-Jun-2020 09:33:57.220 INFO [http-nio-8080-exec-79] org.apache.catalina.core.ApplicationContext.log Manager: list: Listing contexts for virtual host 'localhost'
18-Jun-2020 09:33:57.329 INFO [http-nio-8080-exec-78] org.apache.catalina.core.ApplicationContext.log Manager: list: Listing contexts for virtual host 'localhost'
18-Jun-2020 09:34:02.107 INFO [http-nio-8080-exec-78] org.apache.catalina.core.ApplicationContext.log Manager: list: Listing contexts for virtual host 'localhost'
18-Jun-2020 09:34:02.215 INFO [http-nio-8080-exec-76] org.apache.catalina.core.ApplicationContext.log Manager: list: Listing contexts for virtual host 'localhost'
18-Jun-2020 09:36:52.022 INFO [http-nio-8080-exec-83] org.apache.catalina.core.ApplicationContext.log Manager: list: Listing contexts for virtual host 'localhost'
18-Jun-2020 09:36:52.143 INFO [http-nio-8080-exec-84] org.apache.catalina.core.ApplicationContext.log Manager: restart: Reloading web application '/WebApplicationFT'
18-Jun-2020 09:36:53.461 INFO [http-nio-8080-exec-85] org.apache.catalina.core.ApplicationContext.log Manager: list: Listing contexts for virtual host 'localhost'
18-Jun-2020 09:36:53.589 INFO [http-nio-8080-exec-86] org.apache.catalina.core.ApplicationContext.log Manager: list: Listing contexts for virtual host 'localhost'
18-Jun-2020 09:36:54.753 INFO [http-nio-8080-exec-83] org.apache.catalina.core.ApplicationContext.log Manager: restart: Reloading web application '/WebApplicationFT'
18-Jun-2020 09:37:19.137 INFO [http-nio-8080-exec-90] org.apache.catalina.core.ApplicationContext.log Manager: list: Listing contexts for virtual host 'localhost'
18-Jun-2020 09:37:19.280 INFO [http-nio-8080-exec-80] org.apache.catalina.core.ApplicationContext.log Manager: undeploy: Undeploying web application at '/WebApplicationFT'
18-Jun-2020 09:37:30.276 INFO [http-nio-8080-exec-91] org.apache.catalina.core.ApplicationContext.log Manager: list: Listing contexts for virtual host 'localhost'
18-Jun-2020 09:37:30.391 INFO [http-nio-8080-exec-92] org.apache.catalina.core.ApplicationContext.log Manager: list: Listing contexts for virtual host 'localhost'
18-Jun-2020 09:37:30.564 INFO [http-nio-8080-exec-90] org.apache.catalina.core.ApplicationContext.log Manager: install: Installing context configuration at 'file:/C:/Users/fabix/AppData/Local/Temp/context3805745545832181296.xml'
18-Jun-2020 09:37:32.938 INFO [http-nio-8080-exec-80] org.apache.catalina.core.ApplicationContext.log Manager: start: Starting web application '/WebApplicationFT'
18-Jun-2020 09:37:44.196 INFO [http-nio-8080-exec-85] org.apache.catalina.core.ApplicationContext.log Manager: list: Listing contexts for virtual host 'localhost'
18-Jun-2020 09:37:44.311 INFO [http-nio-8080-exec-86] org.apache.catalina.core.ApplicationContext.log Manager: list: Listing contexts for virtual host 'localhost'
18-Jun-2020 09:38:24.133 INFO [http-nio-8080-exec-100] org.apache.catalina.core.ApplicationContext.log Manager: list: Listing contexts for virtual host 'localhost'
18-Jun-2020 09:38:24.283 INFO [http-nio-8080-exec-97] org.apache.catalina.core.ApplicationContext.log Manager: restart: Reloading web application '/WebApplicationFT'
18-Jun-2020 09:38:26.411 INFO [http-nio-8080-exec-100] org.apache.catalina.core.ApplicationContext.log Manager: list: Listing contexts for virtual host 'localhost'
18-Jun-2020 09:38:26.534 INFO [http-nio-8080-exec-99] org.apache.catalina.core.ApplicationContext.log Manager: restart: Reloading web application '/WebApplicationFT'
18-Jun-2020 09:39:49.362 INFO [http-nio-8080-exec-98] org.apache.catalina.core.ApplicationContext.log Manager: list: Listing contexts for virtual host 'localhost'
18-Jun-2020 09:39:49.467 INFO [http-nio-8080-exec-102] org.apache.catalina.core.ApplicationContext.log Manager: list: Listing contexts for virtual host 'localhost'
18-Jun-2020 09:39:49.617 INFO [http-nio-8080-exec-100] org.apache.catalina.core.ApplicationContext.log Manager: restart: Reloading web application '/WebApplicationFT'
18-Jun-2020 09:42:16.473 INFO [http-nio-8080-exec-117] org.apache.catalina.core.ApplicationContext.log Manager: list: Listing contexts for virtual host 'localhost'
18-Jun-2020 09:42:16.586 INFO [http-nio-8080-exec-118] org.apache.catalina.core.ApplicationContext.log Manager: restart: Reloading web application '/WebApplicationFT'
18-Jun-2020 09:42:32.317 INFO [http-nio-8080-exec-111] org.apache.catalina.core.ApplicationContext.log Manager: list: Listing contexts for virtual host 'localhost'
18-Jun-2020 09:42:32.432 INFO [http-nio-8080-exec-117] org.apache.catalina.core.ApplicationContext.log Manager: restart: Reloading web application '/WebApplicationFT'
18-Jun-2020 09:42:33.513 INFO [http-nio-8080-exec-112] org.apache.catalina.core.ApplicationContext.log Manager: list: Listing contexts for virtual host 'localhost'
18-Jun-2020 09:42:33.626 INFO [http-nio-8080-exec-120] org.apache.catalina.core.ApplicationContext.log Manager: list: Listing contexts for virtual host 'localhost'
18-Jun-2020 09:42:34.602 INFO [http-nio-8080-exec-119] org.apache.catalina.core.ApplicationContext.log Manager: restart: Reloading web application '/WebApplicationFT'
18-Jun-2020 09:43:40.231 INFO [http-nio-8080-exec-127] org.apache.catalina.core.ApplicationContext.log Manager: list: Listing contexts for virtual host 'localhost'
18-Jun-2020 09:43:40.334 INFO [http-nio-8080-exec-106] org.apache.catalina.core.ApplicationContext.log Manager: restart: Reloading web application '/WebApplicationFT'
18-Jun-2020 09:44:08.532 INFO [http-nio-8080-exec-126] org.apache.catalina.core.ApplicationContext.log Manager: list: Listing contexts for virtual host 'localhost'
18-Jun-2020 09:44:08.705 INFO [http-nio-8080-exec-121] org.apache.catalina.core.ApplicationContext.log Manager: restart: Reloading web application '/WebApplicationFT'
18-Jun-2020 09:44:09.794 INFO [http-nio-8080-exec-126] org.apache.catalina.core.ApplicationContext.log Manager: list: Listing contexts for virtual host 'localhost'
18-Jun-2020 09:44:09.894 INFO [http-nio-8080-exec-117] org.apache.catalina.core.ApplicationContext.log Manager: list: Listing contexts for virtual host 'localhost'
18-Jun-2020 09:44:10.819 INFO [http-nio-8080-exec-130] org.apache.catalina.core.ApplicationContext.log Manager: restart: Reloading web application '/WebApplicationFT'
18-Jun-2020 09:47:11.328 INFO [http-nio-8080-exec-140] org.apache.catalina.core.ApplicationContext.log Manager: list: Listing contexts for virtual host 'localhost'
18-Jun-2020 09:49:52.098 INFO [http-nio-8080-exec-136] org.apache.catalina.core.ApplicationContext.log Manager: list: Listing contexts for virtual host 'localhost'
18-Jun-2020 09:49:53.563 INFO [http-nio-8080-exec-137] org.apache.catalina.core.ApplicationContext.log Manager: list: Listing contexts for virtual host 'localhost'
18-Jun-2020 09:49:53.675 INFO [http-nio-8080-exec-134] org.apache.catalina.core.ApplicationContext.log Manager: list: Listing contexts for virtual host 'localhost'
18-Jun-2020 09:49:53.803 INFO [http-nio-8080-exec-138] org.apache.catalina.core.ApplicationContext.log Manager: restart: Reloading web application '/WebApplicationFT'
18-Jun-2020 09:50:20.503 INFO [http-nio-8080-exec-142] org.apache.catalina.core.ApplicationContext.log Manager: list: Listing contexts for virtual host 'localhost'
18-Jun-2020 09:50:24.952 INFO [http-nio-8080-exec-134] org.apache.catalina.core.ApplicationContext.log Manager: list: Listing contexts for virtual host 'localhost'
18-Jun-2020 09:50:25.058 INFO [http-nio-8080-exec-145] org.apache.catalina.core.ApplicationContext.log Manager: list: Listing contexts for virtual host 'localhost'
18-Jun-2020 09:50:33.165 INFO [http-nio-8080-exec-147] org.apache.catalina.core.ApplicationContext.log Manager: list: Listing contexts for virtual host 'localhost'
18-Jun-2020 09:50:33.277 INFO [http-nio-8080-exec-143] org.apache.catalina.core.ApplicationContext.log Manager: list: Listing contexts for virtual host 'localhost'
18-Jun-2020 09:52:32.963 INFO [http-nio-8080-exec-145] org.apache.catalina.core.ApplicationContext.log Manager: list: Listing contexts for virtual host 'localhost'
18-Jun-2020 09:52:39.301 INFO [http-nio-8080-exec-151] org.apache.catalina.core.ApplicationContext.log Manager: list: Listing contexts for virtual host 'localhost'
18-Jun-2020 09:52:39.419 INFO [http-nio-8080-exec-152] org.apache.catalina.core.ApplicationContext.log Manager: list: Listing contexts for virtual host 'localhost'
18-Jun-2020 09:53:13.702 INFO [http-nio-8080-exec-145] org.apache.catalina.core.ApplicationContext.log Manager: list: Listing contexts for virtual host 'localhost'
18-Jun-2020 09:53:13.808 INFO [http-nio-8080-exec-146] org.apache.catalina.core.ApplicationContext.log Manager: restart: Reloading web application '/WebApplicationFT'
18-Jun-2020 09:53:14.395 INFO [http-nio-8080-exec-147] org.apache.catalina.core.ApplicationContext.log Manager: list: Listing contexts for virtual host 'localhost'
18-Jun-2020 09:53:14.492 INFO [http-nio-8080-exec-149] org.apache.catalina.core.ApplicationContext.log Manager: list: Listing contexts for virtual host 'localhost'
18-Jun-2020 09:53:16.038 INFO [http-nio-8080-exec-151] org.apache.catalina.core.ApplicationContext.log Manager: restart: Reloading web application '/WebApplicationFT'
18-Jun-2020 09:53:59.573 INFO [http-nio-8080-exec-157] org.apache.catalina.core.ApplicationContext.log Manager: list: Listing contexts for virtual host 'localhost'
18-Jun-2020 09:53:59.685 INFO [http-nio-8080-exec-145] org.apache.catalina.core.ApplicationContext.log Manager: stop: Stopping web application '/WebApplicationFT'
18-Jun-2020 09:53:59.803 INFO [http-nio-8080-exec-154] org.apache.catalina.core.ApplicationContext.log Manager: start: Starting web application '/WebApplicationFT'
18-Jun-2020 09:54:02.180 INFO [http-nio-8080-exec-156] org.apache.catalina.core.ApplicationContext.log Manager: list: Listing contexts for virtual host 'localhost'
18-Jun-2020 10:02:43.098 INFO [http-nio-8080-exec-165] org.apache.catalina.core.ApplicationContext.log Manager: list: Listing contexts for virtual host 'localhost'
18-Jun-2020 10:02:43.228 INFO [http-nio-8080-exec-166] org.apache.catalina.core.ApplicationContext.log Manager: restart: Reloading web application '/WebApplicationFT'
18-Jun-2020 10:21:37.056 INFO [http-nio-8080-exec-177] org.apache.catalina.core.ApplicationContext.log Manager: list: Listing contexts for virtual host 'localhost'
18-Jun-2020 10:21:37.197 INFO [http-nio-8080-exec-178] org.apache.catalina.core.ApplicationContext.log Manager: restart: Reloading web application '/WebApplicationFT'
18-Jun-2020 10:27:18.919 INFO [http-nio-8080-exec-185] org.apache.catalina.core.ApplicationContext.log Manager: list: Listing contexts for virtual host 'localhost'
18-Jun-2020 10:27:19.024 INFO [http-nio-8080-exec-186] org.apache.catalina.core.ApplicationContext.log Manager: restart: Reloading web application '/WebApplicationFT'
18-Jun-2020 10:29:55.183 INFO [http-nio-8080-exec-195] org.apache.catalina.core.ApplicationContext.log Manager: list: Listing contexts for virtual host 'localhost'
18-Jun-2020 10:29:55.288 INFO [http-nio-8080-exec-196] org.apache.catalina.core.ApplicationContext.log Manager: restart: Reloading web application '/WebApplicationFT'
18-Jun-2020 10:31:32.335 INFO [http-nio-8080-exec-193] org.apache.catalina.core.ApplicationContext.log Manager: list: Listing contexts for virtual host 'localhost'
18-Jun-2020 10:31:32.457 INFO [http-nio-8080-exec-204] org.apache.catalina.core.ApplicationContext.log Manager: restart: Reloading web application '/WebApplicationFT'
18-Jun-2020 10:43:44.166 INFO [http-nio-8080-exec-212] org.apache.catalina.core.ApplicationContext.log Manager: list: Listing contexts for virtual host 'localhost'
18-Jun-2020 10:43:44.287 INFO [http-nio-8080-exec-213] org.apache.catalina.core.ApplicationContext.log Manager: restart: Reloading web application '/WebApplicationFT'
18-Jun-2020 10:45:16.331 INFO [http-nio-8080-exec-214] org.apache.catalina.core.ApplicationContext.log Manager: list: Listing contexts for virtual host 'localhost'
18-Jun-2020 10:46:09.431 INFO [http-nio-8080-exec-221] org.apache.catalina.core.ApplicationContext.log Manager: list: Listing contexts for virtual host 'localhost'
18-Jun-2020 10:46:09.543 INFO [http-nio-8080-exec-209] org.apache.catalina.core.ApplicationContext.log Manager: restart: Reloading web application '/WebApplicationFT'
18-Jun-2020 10:46:33.963 INFO [http-nio-8080-exec-217] org.apache.catalina.core.ApplicationContext.log Manager: list: Listing contexts for virtual host 'localhost'
18-Jun-2020 10:46:34.068 INFO [http-nio-8080-exec-220] org.apache.catalina.core.ApplicationContext.log Manager: restart: Reloading web application '/WebApplicationFT'
18-Jun-2020 10:46:36.263 INFO [http-nio-8080-exec-226] org.apache.catalina.core.ApplicationContext.log Manager: list: Listing contexts for virtual host 'localhost'
18-Jun-2020 10:46:36.363 INFO [http-nio-8080-exec-227] org.apache.catalina.core.ApplicationContext.log Manager: list: Listing contexts for virtual host 'localhost'
18-Jun-2020 10:46:36.507 INFO [http-nio-8080-exec-219] org.apache.catalina.core.ApplicationContext.log Manager: stop: Stopping web application '/WebApplicationFT'
18-Jun-2020 10:46:36.721 INFO [http-nio-8080-exec-221] org.apache.catalina.core.ApplicationContext.log Manager: start: Starting web application '/WebApplicationFT'
18-Jun-2020 10:47:53.747 INFO [http-nio-8080-exec-235] org.apache.catalina.core.ApplicationContext.log Manager: list: Listing contexts for virtual host 'localhost'
18-Jun-2020 10:47:54.807 INFO [http-nio-8080-exec-225] org.apache.catalina.core.ApplicationContext.log Manager: list: Listing contexts for virtual host 'localhost'
18-Jun-2020 10:47:54.906 INFO [http-nio-8080-exec-220] org.apache.catalina.core.ApplicationContext.log Manager: list: Listing contexts for virtual host 'localhost'
18-Jun-2020 10:48:03.089 INFO [http-nio-8080-exec-220] org.apache.catalina.core.ApplicationContext.log Manager: list: Listing contexts for virtual host 'localhost'
18-Jun-2020 10:49:44.939 INFO [http-nio-8080-exec-231] org.apache.catalina.core.ApplicationContext.log Manager: list: Listing contexts for virtual host 'localhost'
18-Jun-2020 10:50:01.115 INFO [http-nio-8080-exec-234] org.apache.catalina.core.ApplicationContext.log Manager: list: Listing contexts for virtual host 'localhost'
18-Jun-2020 10:50:08.731 INFO [http-nio-8080-exec-238] org.apache.catalina.core.ApplicationContext.log Manager: list: Listing contexts for virtual host 'localhost'
18-Jun-2020 10:50:08.837 INFO [http-nio-8080-exec-239] org.apache.catalina.core.ApplicationContext.log Manager: list: Listing contexts for virtual host 'localhost'
18-Jun-2020 10:50:28.854 INFO [http-nio-8080-exec-236] org.apache.catalina.core.ApplicationContext.log Manager: list: Listing contexts for virtual host 'localhost'
18-Jun-2020 10:54:06.263 INFO [http-nio-8080-exec-234] org.apache.catalina.core.ApplicationContext.log Manager: list: Listing contexts for virtual host 'localhost'
18-Jun-2020 10:54:06.401 INFO [http-nio-8080-exec-237] org.apache.catalina.core.ApplicationContext.log Manager: restart: Reloading web application '/WebApplicationFT'
18-Jun-2020 10:54:20.546 INFO [http-nio-8080-exec-239] org.apache.catalina.core.ApplicationContext.log Manager: list: Listing contexts for virtual host 'localhost'
18-Jun-2020 10:54:20.685 INFO [http-nio-8080-exec-240] org.apache.catalina.core.ApplicationContext.log Manager: list: Listing contexts for virtual host 'localhost'
18-Jun-2020 10:54:20.877 INFO [http-nio-8080-exec-231] org.apache.catalina.core.ApplicationContext.log Manager: restart: Reloading web application '/WebApplicationFT'
18-Jun-2020 10:57:51.453 INFO [http-nio-8080-exec-248] org.apache.catalina.core.ApplicationContext.log Manager: list: Listing contexts for virtual host 'localhost'
18-Jun-2020 10:57:59.485 INFO [http-nio-8080-exec-251] org.apache.catalina.core.ApplicationContext.log Manager: list: Listing contexts for virtual host 'localhost'
18-Jun-2020 10:57:59.645 INFO [http-nio-8080-exec-252] org.apache.catalina.core.ApplicationContext.log Manager: list: Listing contexts for virtual host 'localhost'
18-Jun-2020 10:58:12.030 INFO [http-nio-8080-exec-247] org.apache.catalina.core.ApplicationContext.log Manager: list: Listing contexts for virtual host 'localhost'
18-Jun-2020 10:58:21.587 INFO [http-nio-8080-exec-251] org.apache.catalina.core.ApplicationContext.log Manager: list: Listing contexts for virtual host 'localhost'
18-Jun-2020 10:59:29.983 INFO [http-nio-8080-exec-244] org.apache.catalina.core.ApplicationContext.log Manager: list: Listing contexts for virtual host 'localhost'
18-Jun-2020 11:00:45.933 INFO [http-nio-8080-exec-247] org.apache.catalina.core.ApplicationContext.log Manager: list: Listing contexts for virtual host 'localhost'
18-Jun-2020 11:00:46.125 INFO [http-nio-8080-exec-248] org.apache.catalina.core.ApplicationContext.log Manager: restart: Reloading web application '/WebApplicationFT'
18-Jun-2020 11:00:56.988 INFO [http-nio-8080-exec-247] org.apache.catalina.core.ApplicationContext.log Manager: list: Listing contexts for virtual host 'localhost'
18-Jun-2020 11:00:57.123 INFO [http-nio-8080-exec-252] org.apache.catalina.core.ApplicationContext.log Manager: list: Listing contexts for virtual host 'localhost'
18-Jun-2020 11:00:57.296 INFO [http-nio-8080-exec-249] org.apache.catalina.core.ApplicationContext.log Manager: restart: Reloading web application '/WebApplicationFT'
18-Jun-2020 11:01:51.160 INFO [http-nio-8080-exec-253] org.apache.catalina.core.ApplicationContext.log Manager: list: Listing contexts for virtual host 'localhost'
18-Jun-2020 11:01:51.292 INFO [http-nio-8080-exec-257] org.apache.catalina.core.ApplicationContext.log Manager: restart: Reloading web application '/WebApplicationFT'
18-Jun-2020 11:01:52.181 INFO [http-nio-8080-exec-252] org.apache.catalina.core.ApplicationContext.log Manager: list: Listing contexts for virtual host 'localhost'
18-Jun-2020 11:01:52.299 INFO [http-nio-8080-exec-253] org.apache.catalina.core.ApplicationContext.log Manager: list: Listing contexts for virtual host 'localhost'
18-Jun-2020 11:01:53.579 INFO [http-nio-8080-exec-256] org.apache.catalina.core.ApplicationContext.log Manager: restart: Reloading web application '/WebApplicationFT'
18-Jun-2020 11:02:15.496 INFO [http-nio-8080-exec-259] org.apache.catalina.core.ApplicationContext.log Manager: list: Listing contexts for virtual host 'localhost'
18-Jun-2020 11:03:12.068 INFO [http-nio-8080-exec-261] org.apache.catalina.core.ApplicationContext.log Manager: list: Listing contexts for virtual host 'localhost'
18-Jun-2020 11:03:12.182 INFO [http-nio-8080-exec-266] org.apache.catalina.core.ApplicationContext.log Manager: restart: Reloading web application '/WebApplicationFT'
18-Jun-2020 11:03:13.281 INFO [http-nio-8080-exec-268] org.apache.catalina.core.ApplicationContext.log Manager: list: Listing contexts for virtual host 'localhost'
18-Jun-2020 11:03:13.412 INFO [http-nio-8080-exec-264] org.apache.catalina.core.ApplicationContext.log Manager: list: Listing contexts for virtual host 'localhost'
18-Jun-2020 11:03:14.356 INFO [http-nio-8080-exec-263] org.apache.catalina.core.ApplicationContext.log Manager: restart: Reloading web application '/WebApplicationFT'
18-Jun-2020 11:06:21.790 INFO [http-nio-8080-exec-276] org.apache.catalina.core.ApplicationContext.log Manager: list: Listing contexts for virtual host 'localhost'
18-Jun-2020 11:06:21.943 INFO [http-nio-8080-exec-277] org.apache.catalina.core.ApplicationContext.log Manager: restart: Reloading web application '/WebApplicationFT'
18-Jun-2020 11:06:29.156 INFO [http-nio-8080-exec-279] org.apache.catalina.core.ApplicationContext.log Manager: list: Listing contexts for virtual host 'localhost'
18-Jun-2020 11:06:29.286 INFO [http-nio-8080-exec-272] org.apache.catalina.core.ApplicationContext.log Manager: restart: Reloading web application '/WebApplicationFT'
18-Jun-2020 11:06:46.398 INFO [http-nio-8080-exec-281] org.apache.catalina.core.ApplicationContext.log Manager: list: Listing contexts for virtual host 'localhost'
18-Jun-2020 11:06:46.533 INFO [http-nio-8080-exec-280] org.apache.catalina.core.ApplicationContext.log Manager: restart: Reloading web application '/WebApplicationFT'
18-Jun-2020 11:06:51.910 INFO [http-nio-8080-exec-279] org.apache.catalina.core.ApplicationContext.log Manager: list: Listing contexts for virtual host 'localhost'
18-Jun-2020 11:06:52.030 INFO [http-nio-8080-exec-273] org.apache.catalina.core.ApplicationContext.log Manager: list: Listing contexts for virtual host 'localhost'
18-Jun-2020 11:06:52.194 INFO [http-nio-8080-exec-283] org.apache.catalina.core.ApplicationContext.log Manager: restart: Reloading web application '/WebApplicationFT'
18-Jun-2020 11:07:23.917 INFO [http-nio-8080-exec-282] org.apache.catalina.core.ApplicationContext.log Manager: list: Listing contexts for virtual host 'localhost'
18-Jun-2020 11:07:41.681 INFO [http-nio-8080-exec-274] org.apache.catalina.core.ApplicationContext.log Manager: list: Listing contexts for virtual host 'localhost'
18-Jun-2020 11:08:42.713 INFO [http-nio-8080-exec-293] org.apache.catalina.core.ApplicationContext.log Manager: list: Listing contexts for virtual host 'localhost'
18-Jun-2020 11:10:04.002 INFO [http-nio-8080-exec-290] org.apache.catalina.core.ApplicationContext.log Manager: list: Listing contexts for virtual host 'localhost'
18-Jun-2020 11:10:04.124 INFO [http-nio-8080-exec-291] org.apache.catalina.core.ApplicationContext.log Manager: restart: Reloading web application '/WebApplicationFT'
18-Jun-2020 11:10:08.828 INFO [http-nio-8080-exec-288] org.apache.catalina.core.ApplicationContext.log Manager: list: Listing contexts for virtual host 'localhost'
18-Jun-2020 11:10:08.952 INFO [http-nio-8080-exec-290] org.apache.catalina.core.ApplicationContext.log Manager: list: Listing contexts for virtual host 'localhost'
18-Jun-2020 11:10:09.122 INFO [http-nio-8080-exec-295] org.apache.catalina.core.ApplicationContext.log Manager: restart: Reloading web application '/WebApplicationFT'
18-Jun-2020 11:20:58.929 INFO [http-nio-8080-exec-304] org.apache.catalina.core.ApplicationContext.log Manager: list: Listing contexts for virtual host 'localhost'
18-Jun-2020 11:20:59.049 INFO [http-nio-8080-exec-305] org.apache.catalina.core.ApplicationContext.log Manager: restart: Reloading web application '/WebApplicationFT'
18-Jun-2020 11:23:05.535 INFO [http-nio-8080-exec-313] org.apache.catalina.core.ApplicationContext.log Manager: list: Listing contexts for virtual host 'localhost'
18-Jun-2020 11:23:09.443 INFO [http-nio-8080-exec-303] org.apache.catalina.core.ApplicationContext.log Manager: list: Listing contexts for virtual host 'localhost'
18-Jun-2020 11:23:09.563 INFO [http-nio-8080-exec-309] org.apache.catalina.core.ApplicationContext.log Manager: list: Listing contexts for virtual host 'localhost'
18-Jun-2020 11:23:09.723 INFO [http-nio-8080-exec-310] org.apache.catalina.core.ApplicationContext.log Manager: restart: Reloading web application '/WebApplicationFT'
18-Jun-2020 11:27:12.751 INFO [http-nio-8080-exec-322] org.apache.catalina.core.ApplicationContext.log Manager: list: Listing contexts for virtual host 'localhost'
18-Jun-2020 11:27:12.882 INFO [http-nio-8080-exec-323] org.apache.catalina.core.ApplicationContext.log Manager: restart: Reloading web application '/WebApplicationFT'
18-Jun-2020 11:27:27.450 INFO [http-nio-8080-exec-328] org.apache.catalina.core.ApplicationContext.log Manager: list: Listing contexts for virtual host 'localhost'
18-Jun-2020 11:27:27.579 INFO [http-nio-8080-exec-318] org.apache.catalina.core.ApplicationContext.log Manager: restart: Reloading web application '/WebApplicationFT'
18-Jun-2020 11:27:29.092 INFO [http-nio-8080-exec-319] org.apache.catalina.core.ApplicationContext.log Manager: list: Listing contexts for virtual host 'localhost'
18-Jun-2020 11:27:29.201 INFO [http-nio-8080-exec-331] org.apache.catalina.core.ApplicationContext.log Manager: list: Listing contexts for virtual host 'localhost'
18-Jun-2020 11:27:29.871 INFO [http-nio-8080-exec-328] org.apache.catalina.core.ApplicationContext.log Manager: restart: Reloading web application '/WebApplicationFT'
18-Jun-2020 11:28:04.232 INFO [http-nio-8080-exec-334] org.apache.catalina.core.ApplicationContext.log Manager: list: Listing contexts for virtual host 'localhost'
18-Jun-2020 11:28:04.355 INFO [http-nio-8080-exec-331] org.apache.catalina.core.ApplicationContext.log Manager: restart: Reloading web application '/WebApplicationFT'
18-Jun-2020 11:28:48.879 INFO [http-nio-8080-exec-333] org.apache.catalina.core.ApplicationContext.log Manager: list: Listing contexts for virtual host 'localhost'
18-Jun-2020 11:28:49.007 INFO [http-nio-8080-exec-339] org.apache.catalina.core.ApplicationContext.log Manager: restart: Reloading web application '/WebApplicationFT'
18-Jun-2020 11:29:45.792 INFO [http-nio-8080-exec-341] org.apache.catalina.core.ApplicationContext.log Manager: list: Listing contexts for virtual host 'localhost'
18-Jun-2020 11:29:55.607 INFO [http-nio-8080-exec-333] org.apache.catalina.core.ApplicationContext.log Manager: list: Listing contexts for virtual host 'localhost'
18-Jun-2020 11:35:07.682 INFO [http-nio-8080-exec-344] org.apache.catalina.core.ApplicationContext.log Manager: list: Listing contexts for virtual host 'localhost'
18-Jun-2020 11:35:10.373 INFO [http-nio-8080-exec-351] org.apache.catalina.core.ApplicationContext.log Manager: list: Listing contexts for virtual host 'localhost'
18-Jun-2020 11:35:10.489 INFO [http-nio-8080-exec-342] org.apache.catalina.core.ApplicationContext.log Manager: list: Listing contexts for virtual host 'localhost'
18-Jun-2020 11:35:10.617 INFO [http-nio-8080-exec-345] org.apache.catalina.core.ApplicationContext.log Manager: restart: Reloading web application '/WebApplicationFT'
18-Jun-2020 11:35:32.954 INFO [http-nio-8080-exec-343] org.apache.catalina.core.ApplicationContext.log Manager: list: Listing contexts for virtual host 'localhost'
18-Jun-2020 11:35:33.076 INFO [http-nio-8080-exec-353] org.apache.catalina.core.ApplicationContext.log Manager: list: Listing contexts for virtual host 'localhost'
18-Jun-2020 11:36:11.067 INFO [http-nio-8080-exec-351] org.apache.catalina.core.ApplicationContext.log Manager: list: Listing contexts for virtual host 'localhost'
18-Jun-2020 11:36:13.893 INFO [http-nio-8080-exec-356] org.apache.catalina.core.ApplicationContext.log Manager: list: Listing contexts for virtual host 'localhost'
18-Jun-2020 11:36:14.026 INFO [http-nio-8080-exec-352] org.apache.catalina.core.ApplicationContext.log Manager: list: Listing contexts for virtual host 'localhost'
18-Jun-2020 11:36:41.460 INFO [http-nio-8080-exec-353] org.apache.catalina.core.ApplicationContext.log Manager: list: Listing contexts for virtual host 'localhost'
18-Jun-2020 11:36:41.623 INFO [http-nio-8080-exec-358] org.apache.catalina.core.ApplicationContext.log Manager: restart: Reloading web application '/WebApplicationFT'
18-Jun-2020 11:36:43.373 INFO [http-nio-8080-exec-356] org.apache.catalina.core.ApplicationContext.log Manager: list: Listing contexts for virtual host 'localhost'
18-Jun-2020 11:36:43.507 INFO [http-nio-8080-exec-352] org.apache.catalina.core.ApplicationContext.log Manager: list: Listing contexts for virtual host 'localhost'
18-Jun-2020 11:36:43.939 INFO [http-nio-8080-exec-362] org.apache.catalina.core.ApplicationContext.log Manager: restart: Reloading web application '/WebApplicationFT'
18-Jun-2020 11:37:00.928 INFO [http-nio-8080-exec-355] org.apache.catalina.core.ApplicationContext.log Manager: list: Listing contexts for virtual host 'localhost'
18-Jun-2020 11:37:01.073 INFO [http-nio-8080-exec-353] org.apache.catalina.core.ApplicationContext.log Manager: restart: Reloading web application '/WebApplicationFT'
18-Jun-2020 11:37:08.337 INFO [http-nio-8080-exec-366] org.apache.catalina.core.ApplicationContext.log Manager: list: Listing contexts for virtual host 'localhost'
18-Jun-2020 11:37:14.993 INFO [http-nio-8080-exec-367] org.apache.catalina.core.ApplicationContext.log Manager: list: Listing contexts for virtual host 'localhost'
18-Jun-2020 11:37:15.112 INFO [http-nio-8080-exec-357] org.apache.catalina.core.ApplicationContext.log Manager: list: Listing contexts for virtual host 'localhost'
18-Jun-2020 11:37:15.255 INFO [http-nio-8080-exec-358] org.apache.catalina.core.ApplicationContext.log Manager: restart: Reloading web application '/WebApplicationFT'
18-Jun-2020 13:10:26.678 INFO [http-nio-8080-exec-375] org.apache.catalina.core.ApplicationContext.log Manager: list: Listing contexts for virtual host 'localhost'
18-Jun-2020 13:10:26.796 INFO [http-nio-8080-exec-376] org.apache.catalina.core.ApplicationContext.log Manager: list: Listing contexts for virtual host 'localhost'
18-Jun-2020 13:14:36.976 INFO [http-nio-8080-exec-376] org.apache.catalina.core.ApplicationContext.log Manager: list: Listing contexts for virtual host 'localhost'
18-Jun-2020 13:14:37.152 INFO [http-nio-8080-exec-377] org.apache.catalina.core.ApplicationContext.log Manager: stop: Stopping web application '/WebApplicationFT'
18-Jun-2020 13:14:37.335 INFO [http-nio-8080-exec-375] org.apache.catalina.core.ApplicationContext.log Manager: start: Starting web application '/WebApplicationFT'
18-Jun-2020 13:14:42.692 INFO [http-nio-8080-exec-379] org.apache.catalina.core.ApplicationContext.log Manager: list: Listing contexts for virtual host 'localhost'
18-Jun-2020 13:14:42.837 INFO [http-nio-8080-exec-378] org.apache.catalina.core.ApplicationContext.log Manager: list: Listing contexts for virtual host 'localhost'
18-Jun-2020 13:14:43.006 INFO [http-nio-8080-exec-382] org.apache.catalina.core.ApplicationContext.log Manager: stop: Stopping web application '/WebApplicationFT'
18-Jun-2020 13:14:43.238 INFO [http-nio-8080-exec-370] org.apache.catalina.core.ApplicationContext.log Manager: start: Starting web application '/WebApplicationFT'
18-Jun-2020 13:18:02.649 INFO [http-nio-8080-exec-389] org.apache.catalina.core.ApplicationContext.log Manager: list: Listing contexts for virtual host 'localhost'
18-Jun-2020 13:18:02.802 INFO [http-nio-8080-exec-387] org.apache.catalina.core.ApplicationContext.log Manager: stop: Stopping web application '/WebApplicationFT'
18-Jun-2020 13:18:03.803 INFO [http-nio-8080-exec-386] org.apache.catalina.core.ApplicationContext.log Manager: list: Listing contexts for virtual host 'localhost'
18-Jun-2020 13:18:03.933 INFO [http-nio-8080-exec-392] org.apache.catalina.core.ApplicationContext.log Manager: list: Listing contexts for virtual host 'localhost'
18-Jun-2020 13:18:04.603 INFO [http-nio-8080-exec-393] org.apache.catalina.core.ApplicationContext.log Manager: start: Starting web application '/WebApplicationFT'
18-Jun-2020 13:18:06.898 INFO [http-nio-8080-exec-389] org.apache.catalina.core.ApplicationContext.log Manager: stop: Stopping web application '/WebApplicationFT'
18-Jun-2020 13:18:07.026 INFO [http-nio-8080-exec-391] org.apache.catalina.core.ApplicationContext.log Manager: start: Starting web application '/WebApplicationFT'
